2026.07.07 16:20:55.528573 [ 1 ] {} <Information> SentryWriter: Sending crash reports is disabled
2026.07.07 16:20:55.556163 [ 1 ] {} <Information> Application: Starting ClickHouse Keeper 25.3.14.14 (revision: 54509, git hash: 84d6b30ad528e77d787ab7a2437406c1e2a5887a, build id: 8A955EE6732862B741A4C7DE44F1CD94AFC2B20A), PID 1
2026.07.07 16:20:55.556202 [ 1 ] {} <Information> Application: starting up
2026.07.07 16:20:55.556210 [ 1 ] {} <Information> Application: OS Name = Linux, OS Version = 6.18.33.2-microsoft-standard-WSL2, OS Architecture = x86_64
2026.07.07 16:20:55.556305 [ 1 ] {} <Information> Jemalloc: Value for background_thread set to true (from true)
2026.07.07 16:20:55.557012 [ 1 ] {} <Information> Application: keeper_server.max_memory_usage_soft_limit is set to 13.92 GiB
2026.07.07 16:20:55.569232 [ 1 ] {} <Information> CgroupsReader: Will create cgroup reader from '/sys/fs/cgroup/' (cgroups version: v2)
2026.07.07 16:20:55.569266 [ 1 ] {} <Information> MemoryWorker: Starting background memory thread with period of 50ms, using Cgroups as source
2026.07.07 16:20:55.570615 [ 1 ] {} <Information> Context: Cannot connect to ZooKeeper (or Keeper) before internal Keeper start, will wait for Keeper synchronously
2026.07.07 16:20:55.571208 [ 1 ] {} <Information> Application: Waiting for background threads
2026.07.07 16:20:55.571307 [ 1 ] {} <Information> Application: Background threads finished in 0 ms
2026.07.07 16:20:55.571453 [ 1 ] {} <Error> Application: Poco::Exception. Code: 1000, e.code() = 0, Syntax error: Not a valid integer: '

            1

        ', Stack trace (when copying this message, always include the lines below):

0. Poco::NumberParser::parse(String const&, char) @ 0x00000000118cdcef
1. Poco::Util::AbstractConfiguration::getInt(String const&) const @ 0x0000000011932a64
2. DB::KeeperConfigurationAndSettings::loadFromConfig(Poco::Util::AbstractConfiguration const&, bool) @ 0x000000000dba3a81
3. DB::KeeperDispatcher::initialize(Poco::Util::AbstractConfiguration const&, bool, bool, std::shared_ptr<DB::Macros const> const&) @ 0x000000000dbce411
4. DB::Context::initializeKeeperDispatcher(bool) const @ 0x000000000c48ce52
5. DB::Keeper::main(std::vector<String, std::allocator<String>> const&) @ 0x0000000005fd5d7a
6. Poco::Util::Application::run() @ 0x000000001193afe6
7. DB::Keeper::run() @ 0x0000000005fd2b50
8. mainEntryClickHouseKeeper(int, char**) @ 0x0000000005fd1722
9. main @ 0x0000000005fd0333
10. ? @ 0x0000706b96196d90
11. ? @ 0x0000706b96196e40
12. _start @ 0x000000000504302e
 (version 25.3.14.14 (official build))
2026.07.07 16:20:55.571480 [ 1 ] {} <Information> Application: shutting down
2026.07.07 16:20:55.571595 [ 28 ] {} <Information> BaseDaemon: Stop SignalListener thread
