[2026-07-09T17:54:56.485+0000] {processor.py:186} INFO - Started process (PID=154) to work on /opt/airflow/dags/load_public_holidays_dag.py
[2026-07-09T17:54:56.487+0000] {processor.py:914} INFO - Processing file /opt/airflow/dags/load_public_holidays_dag.py for tasks to queue
[2026-07-09T17:54:56.492+0000] {logging_mixin.py:190} INFO - [2026-07-09T17:54:56.492+0000] {dagbag.py:588} INFO - Filling up the DagBag from /opt/airflow/dags/load_public_holidays_dag.py
[2026-07-09T17:54:56.538+0000] {processor.py:925} INFO - DAG(s) 'load_public_holidays' retrieved from /opt/airflow/dags/load_public_holidays_dag.py
[2026-07-09T17:54:56.708+0000] {logging_mixin.py:190} INFO - [2026-07-09T17:54:56.707+0000] {override.py:1912} INFO - Created Permission View: can edit on DAG:load_public_holidays
[2026-07-09T17:54:56.723+0000] {logging_mixin.py:190} INFO - [2026-07-09T17:54:56.723+0000] {override.py:1912} INFO - Created Permission View: can delete on DAG:load_public_holidays
[2026-07-09T17:54:56.733+0000] {logging_mixin.py:190} INFO - [2026-07-09T17:54:56.733+0000] {override.py:1912} INFO - Created Permission View: can read on DAG:load_public_holidays
[2026-07-09T17:54:56.746+0000] {logging_mixin.py:190} INFO - [2026-07-09T17:54:56.745+0000] {override.py:1912} INFO - Created Permission View: can delete on DAG Run:load_public_holidays
[2026-07-09T17:54:56.757+0000] {logging_mixin.py:190} INFO - [2026-07-09T17:54:56.756+0000] {override.py:1912} INFO - Created Permission View: menu access on DAG Run:load_public_holidays
[2026-07-09T17:54:56.766+0000] {logging_mixin.py:190} INFO - [2026-07-09T17:54:56.766+0000] {override.py:1912} INFO - Created Permission View: can create on DAG Run:load_public_holidays
[2026-07-09T17:54:56.775+0000] {logging_mixin.py:190} INFO - [2026-07-09T17:54:56.774+0000] {override.py:1912} INFO - Created Permission View: can read on DAG Run:load_public_holidays
[2026-07-09T17:54:56.776+0000] {logging_mixin.py:190} INFO - [2026-07-09T17:54:56.776+0000] {dag.py:3239} INFO - Sync 1 DAGs
[2026-07-09T17:54:56.788+0000] {logging_mixin.py:190} INFO - [2026-07-09T17:54:56.787+0000] {dag.py:3262} INFO - Creating ORM DAG for load_public_holidays
[2026-07-09T17:54:56.799+0000] {logging_mixin.py:190} INFO - [2026-07-09T17:54:56.799+0000] {dag.py:4180} INFO - Setting next_dagrun for load_public_holidays to 2026-06-01 02:00:00+00:00, run_after=2026-07-01 02:00:00+00:00
[2026-07-09T17:54:56.831+0000] {processor.py:208} INFO - Processing /opt/airflow/dags/load_public_holidays_dag.py took 0.353 seconds
[2026-07-09T17:55:18.705+0000] {processor.py:186} INFO - Started process (PID=156) to work on /opt/airflow/dags/load_public_holidays_dag.py
[2026-07-09T17:55:18.708+0000] {processor.py:914} INFO - Processing file /opt/airflow/dags/load_public_holidays_dag.py for tasks to queue
[2026-07-09T17:55:18.711+0000] {logging_mixin.py:190} INFO - [2026-07-09T17:55:18.710+0000] {dagbag.py:588} INFO - Filling up the DagBag from /opt/airflow/dags/load_public_holidays_dag.py
[2026-07-09T17:55:18.754+0000] {processor.py:925} INFO - DAG(s) 'load_public_holidays' retrieved from /opt/airflow/dags/load_public_holidays_dag.py
[2026-07-09T17:55:18.770+0000] {logging_mixin.py:190} INFO - [2026-07-09T17:55:18.770+0000] {dag.py:3239} INFO - Sync 1 DAGs
[2026-07-09T17:55:18.794+0000] {logging_mixin.py:190} INFO - [2026-07-09T17:55:18.794+0000] {dag.py:4180} INFO - Setting next_dagrun for load_public_holidays to 2026-06-01 02:00:00+00:00, run_after=2026-07-01 02:00:00+00:00
[2026-07-09T17:55:18.827+0000] {processor.py:208} INFO - Processing /opt/airflow/dags/load_public_holidays_dag.py took 0.127 seconds
[2026-07-09T17:55:49.154+0000] {processor.py:186} INFO - Started process (PID=158) to work on /opt/airflow/dags/load_public_holidays_dag.py
[2026-07-09T17:55:49.155+0000] {processor.py:914} INFO - Processing file /opt/airflow/dags/load_public_holidays_dag.py for tasks to queue
[2026-07-09T17:55:49.158+0000] {logging_mixin.py:190} INFO - [2026-07-09T17:55:49.158+0000] {dagbag.py:588} INFO - Filling up the DagBag from /opt/airflow/dags/load_public_holidays_dag.py
[2026-07-09T17:55:49.178+0000] {processor.py:925} INFO - DAG(s) 'load_public_holidays' retrieved from /opt/airflow/dags/load_public_holidays_dag.py
[2026-07-09T17:55:49.203+0000] {logging_mixin.py:190} INFO - [2026-07-09T17:55:49.202+0000] {dag.py:3239} INFO - Sync 1 DAGs
[2026-07-09T17:55:49.224+0000] {logging_mixin.py:190} INFO - [2026-07-09T17:55:49.223+0000] {dag.py:4180} INFO - Setting next_dagrun for load_public_holidays to 2026-06-01 02:00:00+00:00, run_after=2026-07-01 02:00:00+00:00
[2026-07-09T17:55:49.243+0000] {processor.py:208} INFO - Processing /opt/airflow/dags/load_public_holidays_dag.py took 0.094 seconds
[2026-07-09T17:56:19.634+0000] {processor.py:186} INFO - Started process (PID=160) to work on /opt/airflow/dags/load_public_holidays_dag.py
[2026-07-09T17:56:19.636+0000] {processor.py:914} INFO - Processing file /opt/airflow/dags/load_public_holidays_dag.py for tasks to queue
[2026-07-09T17:56:19.639+0000] {logging_mixin.py:190} INFO - [2026-07-09T17:56:19.639+0000] {dagbag.py:588} INFO - Filling up the DagBag from /opt/airflow/dags/load_public_holidays_dag.py
[2026-07-09T17:56:19.663+0000] {processor.py:925} INFO - DAG(s) 'load_public_holidays' retrieved from /opt/airflow/dags/load_public_holidays_dag.py
[2026-07-09T17:56:19.689+0000] {logging_mixin.py:190} INFO - [2026-07-09T17:56:19.689+0000] {dag.py:3239} INFO - Sync 1 DAGs
[2026-07-09T17:56:19.710+0000] {logging_mixin.py:190} INFO - [2026-07-09T17:56:19.709+0000] {dag.py:4180} INFO - Setting next_dagrun for load_public_holidays to 2026-06-01 02:00:00+00:00, run_after=2026-07-01 02:00:00+00:00
[2026-07-09T17:56:19.738+0000] {processor.py:208} INFO - Processing /opt/airflow/dags/load_public_holidays_dag.py took 0.110 seconds
[2026-07-09T17:56:50.056+0000] {processor.py:186} INFO - Started process (PID=162) to work on /opt/airflow/dags/load_public_holidays_dag.py
[2026-07-09T17:56:50.058+0000] {processor.py:914} INFO - Processing file /opt/airflow/dags/load_public_holidays_dag.py for tasks to queue
[2026-07-09T17:56:50.060+0000] {logging_mixin.py:190} INFO - [2026-07-09T17:56:50.060+0000] {dagbag.py:588} INFO - Filling up the DagBag from /opt/airflow/dags/load_public_holidays_dag.py
[2026-07-09T17:56:50.077+0000] {processor.py:925} INFO - DAG(s) 'load_public_holidays' retrieved from /opt/airflow/dags/load_public_holidays_dag.py
[2026-07-09T17:56:50.100+0000] {logging_mixin.py:190} INFO - [2026-07-09T17:56:50.099+0000] {dag.py:3239} INFO - Sync 1 DAGs
[2026-07-09T17:56:50.119+0000] {logging_mixin.py:190} INFO - [2026-07-09T17:56:50.119+0000] {dag.py:4180} INFO - Setting next_dagrun for load_public_holidays to 2026-06-01 02:00:00+00:00, run_after=2026-07-01 02:00:00+00:00
[2026-07-09T17:56:50.139+0000] {processor.py:208} INFO - Processing /opt/airflow/dags/load_public_holidays_dag.py took 0.088 seconds
[2026-07-09T17:57:20.523+0000] {processor.py:186} INFO - Started process (PID=164) to work on /opt/airflow/dags/load_public_holidays_dag.py
[2026-07-09T17:57:20.524+0000] {processor.py:914} INFO - Processing file /opt/airflow/dags/load_public_holidays_dag.py for tasks to queue
[2026-07-09T17:57:20.526+0000] {logging_mixin.py:190} INFO - [2026-07-09T17:57:20.526+0000] {dagbag.py:588} INFO - Filling up the DagBag from /opt/airflow/dags/load_public_holidays_dag.py
[2026-07-09T17:57:20.544+0000] {processor.py:925} INFO - DAG(s) 'load_public_holidays' retrieved from /opt/airflow/dags/load_public_holidays_dag.py
[2026-07-09T17:57:20.566+0000] {logging_mixin.py:190} INFO - [2026-07-09T17:57:20.566+0000] {dag.py:3239} INFO - Sync 1 DAGs
[2026-07-09T17:57:20.583+0000] {logging_mixin.py:190} INFO - [2026-07-09T17:57:20.583+0000] {dag.py:4180} INFO - Setting next_dagrun for load_public_holidays to 2026-06-01 02:00:00+00:00, run_after=2026-07-01 02:00:00+00:00
[2026-07-09T17:57:20.602+0000] {processor.py:208} INFO - Processing /opt/airflow/dags/load_public_holidays_dag.py took 0.083 seconds
[2026-07-09T17:57:50.926+0000] {processor.py:186} INFO - Started process (PID=166) to work on /opt/airflow/dags/load_public_holidays_dag.py
[2026-07-09T17:57:50.927+0000] {processor.py:914} INFO - Processing file /opt/airflow/dags/load_public_holidays_dag.py for tasks to queue
[2026-07-09T17:57:50.931+0000] {logging_mixin.py:190} INFO - [2026-07-09T17:57:50.930+0000] {dagbag.py:588} INFO - Filling up the DagBag from /opt/airflow/dags/load_public_holidays_dag.py
[2026-07-09T17:57:50.961+0000] {processor.py:925} INFO - DAG(s) 'load_public_holidays' retrieved from /opt/airflow/dags/load_public_holidays_dag.py
[2026-07-09T17:57:51.004+0000] {logging_mixin.py:190} INFO - [2026-07-09T17:57:51.004+0000] {dag.py:3239} INFO - Sync 1 DAGs
[2026-07-09T17:57:51.035+0000] {logging_mixin.py:190} INFO - [2026-07-09T17:57:51.035+0000] {dag.py:4180} INFO - Setting next_dagrun for load_public_holidays to 2026-06-01 02:00:00+00:00, run_after=2026-07-01 02:00:00+00:00
[2026-07-09T17:57:51.061+0000] {processor.py:208} INFO - Processing /opt/airflow/dags/load_public_holidays_dag.py took 0.142 seconds
[2026-07-09T18:00:19.826+0000] {processor.py:186} INFO - Started process (PID=45) to work on /opt/airflow/dags/load_public_holidays_dag.py
[2026-07-09T18:00:19.829+0000] {processor.py:914} INFO - Processing file /opt/airflow/dags/load_public_holidays_dag.py for tasks to queue
[2026-07-09T18:00:19.833+0000] {logging_mixin.py:190} INFO - [2026-07-09T18:00:19.833+0000] {dagbag.py:588} INFO - Filling up the DagBag from /opt/airflow/dags/load_public_holidays_dag.py
[2026-07-09T18:00:19.891+0000] {processor.py:925} INFO - DAG(s) 'load_public_holidays' retrieved from /opt/airflow/dags/load_public_holidays_dag.py
[2026-07-09T18:00:20.464+0000] {logging_mixin.py:190} INFO - [2026-07-09T18:00:20.462+0000] {override.py:1912} INFO - Created Permission View: can edit on DAG:load_public_holidays
[2026-07-09T18:00:20.497+0000] {logging_mixin.py:190} INFO - [2026-07-09T18:00:20.496+0000] {override.py:1912} INFO - Created Permission View: can read on DAG:load_public_holidays
[2026-07-09T18:00:20.519+0000] {logging_mixin.py:190} INFO - [2026-07-09T18:00:20.518+0000] {override.py:1912} INFO - Created Permission View: can delete on DAG:load_public_holidays
[2026-07-09T18:00:20.542+0000] {logging_mixin.py:190} INFO - [2026-07-09T18:00:20.541+0000] {override.py:1912} INFO - Created Permission View: can create on DAG Run:load_public_holidays
[2026-07-09T18:00:20.560+0000] {logging_mixin.py:190} INFO - [2026-07-09T18:00:20.560+0000] {override.py:1912} INFO - Created Permission View: can read on DAG Run:load_public_holidays
[2026-07-09T18:00:20.582+0000] {logging_mixin.py:190} INFO - [2026-07-09T18:00:20.581+0000] {override.py:1912} INFO - Created Permission View: menu access on DAG Run:load_public_holidays
[2026-07-09T18:00:20.600+0000] {logging_mixin.py:190} INFO - [2026-07-09T18:00:20.600+0000] {override.py:1912} INFO - Created Permission View: can delete on DAG Run:load_public_holidays
[2026-07-09T18:00:20.602+0000] {logging_mixin.py:190} INFO - [2026-07-09T18:00:20.602+0000] {dag.py:3239} INFO - Sync 1 DAGs
[2026-07-09T18:00:20.629+0000] {logging_mixin.py:190} INFO - [2026-07-09T18:00:20.629+0000] {dag.py:3262} INFO - Creating ORM DAG for load_public_holidays
[2026-07-09T18:00:20.657+0000] {logging_mixin.py:190} INFO - [2026-07-09T18:00:20.656+0000] {dag.py:4180} INFO - Setting next_dagrun for load_public_holidays to 2026-06-01 02:00:00+00:00, run_after=2026-07-01 02:00:00+00:00
[2026-07-09T18:00:20.709+0000] {processor.py:208} INFO - Processing /opt/airflow/dags/load_public_holidays_dag.py took 0.897 seconds
[2026-07-09T18:00:51.116+0000] {processor.py:186} INFO - Started process (PID=47) to work on /opt/airflow/dags/load_public_holidays_dag.py
[2026-07-09T18:00:51.119+0000] {processor.py:914} INFO - Processing file /opt/airflow/dags/load_public_holidays_dag.py for tasks to queue
[2026-07-09T18:00:51.126+0000] {logging_mixin.py:190} INFO - [2026-07-09T18:00:51.125+0000] {dagbag.py:588} INFO - Filling up the DagBag from /opt/airflow/dags/load_public_holidays_dag.py
[2026-07-09T18:00:51.166+0000] {processor.py:925} INFO - DAG(s) 'load_public_holidays' retrieved from /opt/airflow/dags/load_public_holidays_dag.py
[2026-07-09T18:00:51.218+0000] {logging_mixin.py:190} INFO - [2026-07-09T18:00:51.217+0000] {dag.py:3239} INFO - Sync 1 DAGs
[2026-07-09T18:00:51.262+0000] {logging_mixin.py:190} INFO - [2026-07-09T18:00:51.261+0000] {dag.py:4180} INFO - Setting next_dagrun for load_public_holidays to 2026-06-01 02:00:00+00:00, run_after=2026-07-01 02:00:00+00:00
[2026-07-09T18:00:51.295+0000] {processor.py:208} INFO - Processing /opt/airflow/dags/load_public_holidays_dag.py took 0.193 seconds
[2026-07-09T18:01:21.644+0000] {processor.py:186} INFO - Started process (PID=49) to work on /opt/airflow/dags/load_public_holidays_dag.py
[2026-07-09T18:01:21.645+0000] {processor.py:914} INFO - Processing file /opt/airflow/dags/load_public_holidays_dag.py for tasks to queue
[2026-07-09T18:01:21.650+0000] {logging_mixin.py:190} INFO - [2026-07-09T18:01:21.649+0000] {dagbag.py:588} INFO - Filling up the DagBag from /opt/airflow/dags/load_public_holidays_dag.py
[2026-07-09T18:01:21.674+0000] {processor.py:925} INFO - DAG(s) 'load_public_holidays' retrieved from /opt/airflow/dags/load_public_holidays_dag.py
[2026-07-09T18:01:21.712+0000] {logging_mixin.py:190} INFO - [2026-07-09T18:01:21.711+0000] {dag.py:3239} INFO - Sync 1 DAGs
[2026-07-09T18:01:21.745+0000] {logging_mixin.py:190} INFO - [2026-07-09T18:01:21.745+0000] {dag.py:4180} INFO - Setting next_dagrun for load_public_holidays to 2026-06-01 02:00:00+00:00, run_after=2026-07-01 02:00:00+00:00
[2026-07-09T18:01:21.777+0000] {processor.py:208} INFO - Processing /opt/airflow/dags/load_public_holidays_dag.py took 0.143 seconds
[2026-07-09T18:01:51.983+0000] {processor.py:186} INFO - Started process (PID=51) to work on /opt/airflow/dags/load_public_holidays_dag.py
[2026-07-09T18:01:51.985+0000] {processor.py:914} INFO - Processing file /opt/airflow/dags/load_public_holidays_dag.py for tasks to queue
[2026-07-09T18:01:51.995+0000] {logging_mixin.py:190} INFO - [2026-07-09T18:01:51.994+0000] {dagbag.py:588} INFO - Filling up the DagBag from /opt/airflow/dags/load_public_holidays_dag.py
[2026-07-09T18:01:52.047+0000] {processor.py:925} INFO - DAG(s) 'load_public_holidays' retrieved from /opt/airflow/dags/load_public_holidays_dag.py
[2026-07-09T18:01:52.094+0000] {logging_mixin.py:190} INFO - [2026-07-09T18:01:52.094+0000] {dag.py:3239} INFO - Sync 1 DAGs
[2026-07-09T18:01:52.135+0000] {logging_mixin.py:190} INFO - [2026-07-09T18:01:52.135+0000] {dag.py:4180} INFO - Setting next_dagrun for load_public_holidays to 2026-07-01 02:00:00+00:00, run_after=2026-08-01 02:00:00+00:00
[2026-07-09T18:01:52.164+0000] {processor.py:208} INFO - Processing /opt/airflow/dags/load_public_holidays_dag.py took 0.192 seconds
[2026-07-09T18:02:22.396+0000] {processor.py:186} INFO - Started process (PID=53) to work on /opt/airflow/dags/load_public_holidays_dag.py
[2026-07-09T18:02:22.398+0000] {processor.py:914} INFO - Processing file /opt/airflow/dags/load_public_holidays_dag.py for tasks to queue
[2026-07-09T18:02:22.401+0000] {logging_mixin.py:190} INFO - [2026-07-09T18:02:22.401+0000] {dagbag.py:588} INFO - Filling up the DagBag from /opt/airflow/dags/load_public_holidays_dag.py
[2026-07-09T18:02:22.425+0000] {processor.py:925} INFO - DAG(s) 'load_public_holidays' retrieved from /opt/airflow/dags/load_public_holidays_dag.py
[2026-07-09T18:02:22.453+0000] {logging_mixin.py:190} INFO - [2026-07-09T18:02:22.452+0000] {dag.py:3239} INFO - Sync 1 DAGs
[2026-07-09T18:02:22.476+0000] {logging_mixin.py:190} INFO - [2026-07-09T18:02:22.476+0000] {dag.py:4180} INFO - Setting next_dagrun for load_public_holidays to 2026-07-01 02:00:00+00:00, run_after=2026-08-01 02:00:00+00:00
[2026-07-09T18:02:22.499+0000] {processor.py:208} INFO - Processing /opt/airflow/dags/load_public_holidays_dag.py took 0.109 seconds
[2026-07-09T18:02:52.738+0000] {processor.py:186} INFO - Started process (PID=55) to work on /opt/airflow/dags/load_public_holidays_dag.py
[2026-07-09T18:02:52.740+0000] {processor.py:914} INFO - Processing file /opt/airflow/dags/load_public_holidays_dag.py for tasks to queue
[2026-07-09T18:02:52.742+0000] {logging_mixin.py:190} INFO - [2026-07-09T18:02:52.742+0000] {dagbag.py:588} INFO - Filling up the DagBag from /opt/airflow/dags/load_public_holidays_dag.py
[2026-07-09T18:02:52.782+0000] {processor.py:925} INFO - DAG(s) 'load_public_holidays' retrieved from /opt/airflow/dags/load_public_holidays_dag.py
[2026-07-09T18:02:52.808+0000] {logging_mixin.py:190} INFO - [2026-07-09T18:02:52.808+0000] {dag.py:3239} INFO - Sync 1 DAGs
[2026-07-09T18:02:52.830+0000] {logging_mixin.py:190} INFO - [2026-07-09T18:02:52.830+0000] {dag.py:4180} INFO - Setting next_dagrun for load_public_holidays to 2026-07-01 02:00:00+00:00, run_after=2026-08-01 02:00:00+00:00
[2026-07-09T18:02:52.854+0000] {processor.py:208} INFO - Processing /opt/airflow/dags/load_public_holidays_dag.py took 0.122 seconds
[2026-07-09T18:03:23.098+0000] {processor.py:186} INFO - Started process (PID=57) to work on /opt/airflow/dags/load_public_holidays_dag.py
[2026-07-09T18:03:23.100+0000] {processor.py:914} INFO - Processing file /opt/airflow/dags/load_public_holidays_dag.py for tasks to queue
[2026-07-09T18:03:23.104+0000] {logging_mixin.py:190} INFO - [2026-07-09T18:03:23.104+0000] {dagbag.py:588} INFO - Filling up the DagBag from /opt/airflow/dags/load_public_holidays_dag.py
[2026-07-09T18:03:23.129+0000] {processor.py:925} INFO - DAG(s) 'load_public_holidays' retrieved from /opt/airflow/dags/load_public_holidays_dag.py
[2026-07-09T18:03:23.161+0000] {logging_mixin.py:190} INFO - [2026-07-09T18:03:23.161+0000] {dag.py:3239} INFO - Sync 1 DAGs
[2026-07-09T18:03:23.188+0000] {logging_mixin.py:190} INFO - [2026-07-09T18:03:23.188+0000] {dag.py:4180} INFO - Setting next_dagrun for load_public_holidays to 2026-07-01 02:00:00+00:00, run_after=2026-08-01 02:00:00+00:00
[2026-07-09T18:03:23.213+0000] {processor.py:208} INFO - Processing /opt/airflow/dags/load_public_holidays_dag.py took 0.123 seconds
[2026-07-09T18:03:53.430+0000] {processor.py:186} INFO - Started process (PID=59) to work on /opt/airflow/dags/load_public_holidays_dag.py
[2026-07-09T18:03:53.432+0000] {processor.py:914} INFO - Processing file /opt/airflow/dags/load_public_holidays_dag.py for tasks to queue
[2026-07-09T18:03:53.435+0000] {logging_mixin.py:190} INFO - [2026-07-09T18:03:53.434+0000] {dagbag.py:588} INFO - Filling up the DagBag from /opt/airflow/dags/load_public_holidays_dag.py
[2026-07-09T18:03:53.462+0000] {processor.py:925} INFO - DAG(s) 'load_public_holidays' retrieved from /opt/airflow/dags/load_public_holidays_dag.py
[2026-07-09T18:03:53.505+0000] {logging_mixin.py:190} INFO - [2026-07-09T18:03:53.505+0000] {dag.py:3239} INFO - Sync 1 DAGs
[2026-07-09T18:03:53.546+0000] {logging_mixin.py:190} INFO - [2026-07-09T18:03:53.546+0000] {dag.py:4180} INFO - Setting next_dagrun for load_public_holidays to 2026-07-01 02:00:00+00:00, run_after=2026-08-01 02:00:00+00:00
[2026-07-09T18:03:53.586+0000] {processor.py:208} INFO - Processing /opt/airflow/dags/load_public_holidays_dag.py took 0.163 seconds
[2026-07-09T18:04:23.864+0000] {processor.py:186} INFO - Started process (PID=61) to work on /opt/airflow/dags/load_public_holidays_dag.py
[2026-07-09T18:04:23.866+0000] {processor.py:914} INFO - Processing file /opt/airflow/dags/load_public_holidays_dag.py for tasks to queue
[2026-07-09T18:04:23.869+0000] {logging_mixin.py:190} INFO - [2026-07-09T18:04:23.868+0000] {dagbag.py:588} INFO - Filling up the DagBag from /opt/airflow/dags/load_public_holidays_dag.py
[2026-07-09T18:04:23.894+0000] {processor.py:925} INFO - DAG(s) 'load_public_holidays' retrieved from /opt/airflow/dags/load_public_holidays_dag.py
[2026-07-09T18:04:23.922+0000] {logging_mixin.py:190} INFO - [2026-07-09T18:04:23.922+0000] {dag.py:3239} INFO - Sync 1 DAGs
[2026-07-09T18:04:23.947+0000] {logging_mixin.py:190} INFO - [2026-07-09T18:04:23.947+0000] {dag.py:4180} INFO - Setting next_dagrun for load_public_holidays to 2026-07-01 02:00:00+00:00, run_after=2026-08-01 02:00:00+00:00
[2026-07-09T18:04:23.972+0000] {processor.py:208} INFO - Processing /opt/airflow/dags/load_public_holidays_dag.py took 0.113 seconds
[2026-07-09T18:04:54.326+0000] {processor.py:186} INFO - Started process (PID=63) to work on /opt/airflow/dags/load_public_holidays_dag.py
[2026-07-09T18:04:54.328+0000] {processor.py:914} INFO - Processing file /opt/airflow/dags/load_public_holidays_dag.py for tasks to queue
[2026-07-09T18:04:54.333+0000] {logging_mixin.py:190} INFO - [2026-07-09T18:04:54.332+0000] {dagbag.py:588} INFO - Filling up the DagBag from /opt/airflow/dags/load_public_holidays_dag.py
[2026-07-09T18:04:54.364+0000] {processor.py:925} INFO - DAG(s) 'load_public_holidays' retrieved from /opt/airflow/dags/load_public_holidays_dag.py
[2026-07-09T18:04:54.407+0000] {logging_mixin.py:190} INFO - [2026-07-09T18:04:54.406+0000] {dag.py:3239} INFO - Sync 1 DAGs
[2026-07-09T18:04:54.443+0000] {logging_mixin.py:190} INFO - [2026-07-09T18:04:54.443+0000] {dag.py:4180} INFO - Setting next_dagrun for load_public_holidays to 2026-07-01 02:00:00+00:00, run_after=2026-08-01 02:00:00+00:00
[2026-07-09T18:04:54.479+0000] {processor.py:208} INFO - Processing /opt/airflow/dags/load_public_holidays_dag.py took 0.166 seconds
[2026-07-09T18:05:24.622+0000] {processor.py:186} INFO - Started process (PID=65) to work on /opt/airflow/dags/load_public_holidays_dag.py
[2026-07-09T18:05:24.624+0000] {processor.py:914} INFO - Processing file /opt/airflow/dags/load_public_holidays_dag.py for tasks to queue
[2026-07-09T18:05:24.628+0000] {logging_mixin.py:190} INFO - [2026-07-09T18:05:24.628+0000] {dagbag.py:588} INFO - Filling up the DagBag from /opt/airflow/dags/load_public_holidays_dag.py
[2026-07-09T18:05:24.658+0000] {processor.py:925} INFO - DAG(s) 'load_public_holidays' retrieved from /opt/airflow/dags/load_public_holidays_dag.py
[2026-07-09T18:05:24.693+0000] {logging_mixin.py:190} INFO - [2026-07-09T18:05:24.693+0000] {dag.py:3239} INFO - Sync 1 DAGs
[2026-07-09T18:05:24.725+0000] {logging_mixin.py:190} INFO - [2026-07-09T18:05:24.725+0000] {dag.py:4180} INFO - Setting next_dagrun for load_public_holidays to 2026-07-01 02:00:00+00:00, run_after=2026-08-01 02:00:00+00:00
[2026-07-09T18:05:24.751+0000] {processor.py:208} INFO - Processing /opt/airflow/dags/load_public_holidays_dag.py took 0.137 seconds
[2026-07-09T18:05:55.024+0000] {processor.py:186} INFO - Started process (PID=67) to work on /opt/airflow/dags/load_public_holidays_dag.py
[2026-07-09T18:05:55.026+0000] {processor.py:914} INFO - Processing file /opt/airflow/dags/load_public_holidays_dag.py for tasks to queue
[2026-07-09T18:05:55.030+0000] {logging_mixin.py:190} INFO - [2026-07-09T18:05:55.030+0000] {dagbag.py:588} INFO - Filling up the DagBag from /opt/airflow/dags/load_public_holidays_dag.py
[2026-07-09T18:05:55.058+0000] {processor.py:925} INFO - DAG(s) 'load_public_holidays' retrieved from /opt/airflow/dags/load_public_holidays_dag.py
[2026-07-09T18:05:55.090+0000] {logging_mixin.py:190} INFO - [2026-07-09T18:05:55.090+0000] {dag.py:3239} INFO - Sync 1 DAGs
[2026-07-09T18:05:55.118+0000] {logging_mixin.py:190} INFO - [2026-07-09T18:05:55.118+0000] {dag.py:4180} INFO - Setting next_dagrun for load_public_holidays to 2026-07-01 02:00:00+00:00, run_after=2026-08-01 02:00:00+00:00
[2026-07-09T18:05:55.143+0000] {processor.py:208} INFO - Processing /opt/airflow/dags/load_public_holidays_dag.py took 0.127 seconds
[2026-07-09T18:06:25.550+0000] {processor.py:186} INFO - Started process (PID=69) to work on /opt/airflow/dags/load_public_holidays_dag.py
[2026-07-09T18:06:25.552+0000] {processor.py:914} INFO - Processing file /opt/airflow/dags/load_public_holidays_dag.py for tasks to queue
[2026-07-09T18:06:25.556+0000] {logging_mixin.py:190} INFO - [2026-07-09T18:06:25.556+0000] {dagbag.py:588} INFO - Filling up the DagBag from /opt/airflow/dags/load_public_holidays_dag.py
[2026-07-09T18:06:25.582+0000] {processor.py:925} INFO - DAG(s) 'load_public_holidays' retrieved from /opt/airflow/dags/load_public_holidays_dag.py
[2026-07-09T18:06:25.622+0000] {logging_mixin.py:190} INFO - [2026-07-09T18:06:25.621+0000] {dag.py:3239} INFO - Sync 1 DAGs
[2026-07-09T18:06:25.649+0000] {logging_mixin.py:190} INFO - [2026-07-09T18:06:25.649+0000] {dag.py:4180} INFO - Setting next_dagrun for load_public_holidays to 2026-07-01 02:00:00+00:00, run_after=2026-08-01 02:00:00+00:00
[2026-07-09T18:06:25.679+0000] {processor.py:208} INFO - Processing /opt/airflow/dags/load_public_holidays_dag.py took 0.139 seconds
[2026-07-09T18:32:50.945+0000] {processor.py:186} INFO - Started process (PID=71) to work on /opt/airflow/dags/load_public_holidays_dag.py
[2026-07-09T18:32:50.947+0000] {processor.py:914} INFO - Processing file /opt/airflow/dags/load_public_holidays_dag.py for tasks to queue
[2026-07-09T18:32:50.952+0000] {logging_mixin.py:190} INFO - [2026-07-09T18:32:50.952+0000] {dagbag.py:588} INFO - Filling up the DagBag from /opt/airflow/dags/load_public_holidays_dag.py
[2026-07-09T18:32:50.979+0000] {processor.py:925} INFO - DAG(s) 'load_public_holidays' retrieved from /opt/airflow/dags/load_public_holidays_dag.py
[2026-07-09T18:32:51.011+0000] {logging_mixin.py:190} INFO - [2026-07-09T18:32:51.011+0000] {dag.py:3239} INFO - Sync 1 DAGs
[2026-07-09T18:32:51.034+0000] {logging_mixin.py:190} INFO - [2026-07-09T18:32:51.034+0000] {dag.py:4180} INFO - Setting next_dagrun for load_public_holidays to 2026-07-01 02:00:00+00:00, run_after=2026-08-01 02:00:00+00:00
[2026-07-09T18:32:51.053+0000] {processor.py:208} INFO - Processing /opt/airflow/dags/load_public_holidays_dag.py took 0.115 seconds
[2026-07-09T18:33:21.315+0000] {processor.py:186} INFO - Started process (PID=73) to work on /opt/airflow/dags/load_public_holidays_dag.py
[2026-07-09T18:33:21.316+0000] {processor.py:914} INFO - Processing file /opt/airflow/dags/load_public_holidays_dag.py for tasks to queue
[2026-07-09T18:33:21.320+0000] {logging_mixin.py:190} INFO - [2026-07-09T18:33:21.319+0000] {dagbag.py:588} INFO - Filling up the DagBag from /opt/airflow/dags/load_public_holidays_dag.py
[2026-07-09T18:33:21.336+0000] {processor.py:925} INFO - DAG(s) 'load_public_holidays' retrieved from /opt/airflow/dags/load_public_holidays_dag.py
[2026-07-09T18:33:21.360+0000] {logging_mixin.py:190} INFO - [2026-07-09T18:33:21.360+0000] {dag.py:3239} INFO - Sync 1 DAGs
[2026-07-09T18:33:21.381+0000] {logging_mixin.py:190} INFO - [2026-07-09T18:33:21.381+0000] {dag.py:4180} INFO - Setting next_dagrun for load_public_holidays to 2026-07-01 02:00:00+00:00, run_after=2026-08-01 02:00:00+00:00
[2026-07-09T18:33:21.403+0000] {processor.py:208} INFO - Processing /opt/airflow/dags/load_public_holidays_dag.py took 0.093 seconds
[2026-07-09T18:33:51.602+0000] {processor.py:186} INFO - Started process (PID=75) to work on /opt/airflow/dags/load_public_holidays_dag.py
[2026-07-09T18:33:51.607+0000] {processor.py:914} INFO - Processing file /opt/airflow/dags/load_public_holidays_dag.py for tasks to queue
[2026-07-09T18:33:51.612+0000] {logging_mixin.py:190} INFO - [2026-07-09T18:33:51.612+0000] {dagbag.py:588} INFO - Filling up the DagBag from /opt/airflow/dags/load_public_holidays_dag.py
[2026-07-09T18:33:51.639+0000] {processor.py:925} INFO - DAG(s) 'load_public_holidays' retrieved from /opt/airflow/dags/load_public_holidays_dag.py
[2026-07-09T18:33:51.665+0000] {logging_mixin.py:190} INFO - [2026-07-09T18:33:51.665+0000] {dag.py:3239} INFO - Sync 1 DAGs
[2026-07-09T18:33:51.688+0000] {logging_mixin.py:190} INFO - [2026-07-09T18:33:51.688+0000] {dag.py:4180} INFO - Setting next_dagrun for load_public_holidays to 2026-07-01 02:00:00+00:00, run_after=2026-08-01 02:00:00+00:00
[2026-07-09T18:33:51.713+0000] {processor.py:208} INFO - Processing /opt/airflow/dags/load_public_holidays_dag.py took 0.120 seconds
[2026-07-09T18:34:21.910+0000] {processor.py:186} INFO - Started process (PID=77) to work on /opt/airflow/dags/load_public_holidays_dag.py
[2026-07-09T18:34:21.911+0000] {processor.py:914} INFO - Processing file /opt/airflow/dags/load_public_holidays_dag.py for tasks to queue
[2026-07-09T18:34:21.916+0000] {logging_mixin.py:190} INFO - [2026-07-09T18:34:21.916+0000] {dagbag.py:588} INFO - Filling up the DagBag from /opt/airflow/dags/load_public_holidays_dag.py
[2026-07-09T18:34:21.942+0000] {processor.py:925} INFO - DAG(s) 'load_public_holidays' retrieved from /opt/airflow/dags/load_public_holidays_dag.py
[2026-07-09T18:34:21.973+0000] {logging_mixin.py:190} INFO - [2026-07-09T18:34:21.973+0000] {dag.py:3239} INFO - Sync 1 DAGs
[2026-07-09T18:34:21.997+0000] {logging_mixin.py:190} INFO - [2026-07-09T18:34:21.996+0000] {dag.py:4180} INFO - Setting next_dagrun for load_public_holidays to 2026-07-01 02:00:00+00:00, run_after=2026-08-01 02:00:00+00:00
[2026-07-09T18:34:22.045+0000] {processor.py:208} INFO - Processing /opt/airflow/dags/load_public_holidays_dag.py took 0.142 seconds
[2026-07-09T18:34:52.463+0000] {processor.py:186} INFO - Started process (PID=79) to work on /opt/airflow/dags/load_public_holidays_dag.py
[2026-07-09T18:34:52.464+0000] {processor.py:914} INFO - Processing file /opt/airflow/dags/load_public_holidays_dag.py for tasks to queue
[2026-07-09T18:34:52.525+0000] {logging_mixin.py:190} INFO - [2026-07-09T18:34:52.525+0000] {dagbag.py:588} INFO - Filling up the DagBag from /opt/airflow/dags/load_public_holidays_dag.py
[2026-07-09T18:34:52.545+0000] {processor.py:925} INFO - DAG(s) 'load_public_holidays' retrieved from /opt/airflow/dags/load_public_holidays_dag.py
[2026-07-09T18:34:52.565+0000] {logging_mixin.py:190} INFO - [2026-07-09T18:34:52.565+0000] {dag.py:3239} INFO - Sync 1 DAGs
[2026-07-09T18:34:52.581+0000] {logging_mixin.py:190} INFO - [2026-07-09T18:34:52.581+0000] {dag.py:4180} INFO - Setting next_dagrun for load_public_holidays to 2026-07-01 02:00:00+00:00, run_after=2026-08-01 02:00:00+00:00
[2026-07-09T18:34:52.600+0000] {processor.py:208} INFO - Processing /opt/airflow/dags/load_public_holidays_dag.py took 0.142 seconds
[2026-07-09T18:35:22.914+0000] {processor.py:186} INFO - Started process (PID=81) to work on /opt/airflow/dags/load_public_holidays_dag.py
[2026-07-09T18:35:22.916+0000] {processor.py:914} INFO - Processing file /opt/airflow/dags/load_public_holidays_dag.py for tasks to queue
[2026-07-09T18:35:22.921+0000] {logging_mixin.py:190} INFO - [2026-07-09T18:35:22.920+0000] {dagbag.py:588} INFO - Filling up the DagBag from /opt/airflow/dags/load_public_holidays_dag.py
[2026-07-09T18:35:22.946+0000] {processor.py:925} INFO - DAG(s) 'load_public_holidays' retrieved from /opt/airflow/dags/load_public_holidays_dag.py
[2026-07-09T18:35:22.976+0000] {logging_mixin.py:190} INFO - [2026-07-09T18:35:22.976+0000] {dag.py:3239} INFO - Sync 1 DAGs
[2026-07-09T18:35:22.998+0000] {logging_mixin.py:190} INFO - [2026-07-09T18:35:22.998+0000] {dag.py:4180} INFO - Setting next_dagrun for load_public_holidays to 2026-07-01 02:00:00+00:00, run_after=2026-08-01 02:00:00+00:00
[2026-07-09T18:35:23.024+0000] {processor.py:208} INFO - Processing /opt/airflow/dags/load_public_holidays_dag.py took 0.125 seconds
[2026-07-09T18:35:53.213+0000] {processor.py:186} INFO - Started process (PID=83) to work on /opt/airflow/dags/load_public_holidays_dag.py
[2026-07-09T18:35:53.214+0000] {processor.py:914} INFO - Processing file /opt/airflow/dags/load_public_holidays_dag.py for tasks to queue
[2026-07-09T18:35:53.226+0000] {logging_mixin.py:190} INFO - [2026-07-09T18:35:53.226+0000] {dagbag.py:588} INFO - Filling up the DagBag from /opt/airflow/dags/load_public_holidays_dag.py
[2026-07-09T18:35:53.249+0000] {processor.py:925} INFO - DAG(s) 'load_public_holidays' retrieved from /opt/airflow/dags/load_public_holidays_dag.py
[2026-07-09T18:35:53.277+0000] {logging_mixin.py:190} INFO - [2026-07-09T18:35:53.277+0000] {dag.py:3239} INFO - Sync 1 DAGs
[2026-07-09T18:35:53.299+0000] {logging_mixin.py:190} INFO - [2026-07-09T18:35:53.299+0000] {dag.py:4180} INFO - Setting next_dagrun for load_public_holidays to 2026-07-01 02:00:00+00:00, run_after=2026-08-01 02:00:00+00:00
[2026-07-09T18:35:53.323+0000] {processor.py:208} INFO - Processing /opt/airflow/dags/load_public_holidays_dag.py took 0.116 seconds
[2026-07-09T18:36:23.489+0000] {processor.py:186} INFO - Started process (PID=85) to work on /opt/airflow/dags/load_public_holidays_dag.py
[2026-07-09T18:36:23.491+0000] {processor.py:914} INFO - Processing file /opt/airflow/dags/load_public_holidays_dag.py for tasks to queue
[2026-07-09T18:36:23.494+0000] {logging_mixin.py:190} INFO - [2026-07-09T18:36:23.494+0000] {dagbag.py:588} INFO - Filling up the DagBag from /opt/airflow/dags/load_public_holidays_dag.py
[2026-07-09T18:36:23.520+0000] {processor.py:925} INFO - DAG(s) 'load_public_holidays' retrieved from /opt/airflow/dags/load_public_holidays_dag.py
[2026-07-09T18:36:23.545+0000] {logging_mixin.py:190} INFO - [2026-07-09T18:36:23.545+0000] {dag.py:3239} INFO - Sync 1 DAGs
[2026-07-09T18:36:23.565+0000] {logging_mixin.py:190} INFO - [2026-07-09T18:36:23.565+0000] {dag.py:4180} INFO - Setting next_dagrun for load_public_holidays to 2026-07-01 02:00:00+00:00, run_after=2026-08-01 02:00:00+00:00
[2026-07-09T18:36:23.591+0000] {processor.py:208} INFO - Processing /opt/airflow/dags/load_public_holidays_dag.py took 0.108 seconds
[2026-07-09T18:36:53.872+0000] {processor.py:186} INFO - Started process (PID=87) to work on /opt/airflow/dags/load_public_holidays_dag.py
[2026-07-09T18:36:53.873+0000] {processor.py:914} INFO - Processing file /opt/airflow/dags/load_public_holidays_dag.py for tasks to queue
[2026-07-09T18:36:53.876+0000] {logging_mixin.py:190} INFO - [2026-07-09T18:36:53.876+0000] {dagbag.py:588} INFO - Filling up the DagBag from /opt/airflow/dags/load_public_holidays_dag.py
[2026-07-09T18:36:53.896+0000] {processor.py:925} INFO - DAG(s) 'load_public_holidays' retrieved from /opt/airflow/dags/load_public_holidays_dag.py
[2026-07-09T18:36:53.923+0000] {logging_mixin.py:190} INFO - [2026-07-09T18:36:53.923+0000] {dag.py:3239} INFO - Sync 1 DAGs
[2026-07-09T18:36:53.946+0000] {logging_mixin.py:190} INFO - [2026-07-09T18:36:53.945+0000] {dag.py:4180} INFO - Setting next_dagrun for load_public_holidays to 2026-07-01 02:00:00+00:00, run_after=2026-08-01 02:00:00+00:00
[2026-07-09T18:36:53.972+0000] {processor.py:208} INFO - Processing /opt/airflow/dags/load_public_holidays_dag.py took 0.106 seconds
[2026-07-09T18:37:24.277+0000] {processor.py:186} INFO - Started process (PID=89) to work on /opt/airflow/dags/load_public_holidays_dag.py
[2026-07-09T18:37:24.279+0000] {processor.py:914} INFO - Processing file /opt/airflow/dags/load_public_holidays_dag.py for tasks to queue
[2026-07-09T18:37:24.282+0000] {logging_mixin.py:190} INFO - [2026-07-09T18:37:24.282+0000] {dagbag.py:588} INFO - Filling up the DagBag from /opt/airflow/dags/load_public_holidays_dag.py
[2026-07-09T18:37:24.299+0000] {processor.py:925} INFO - DAG(s) 'load_public_holidays' retrieved from /opt/airflow/dags/load_public_holidays_dag.py
[2026-07-09T18:37:24.320+0000] {logging_mixin.py:190} INFO - [2026-07-09T18:37:24.320+0000] {dag.py:3239} INFO - Sync 1 DAGs
[2026-07-09T18:37:24.338+0000] {logging_mixin.py:190} INFO - [2026-07-09T18:37:24.338+0000] {dag.py:4180} INFO - Setting next_dagrun for load_public_holidays to 2026-07-01 02:00:00+00:00, run_after=2026-08-01 02:00:00+00:00
[2026-07-09T18:37:24.356+0000] {processor.py:208} INFO - Processing /opt/airflow/dags/load_public_holidays_dag.py took 0.086 seconds
[2026-07-09T18:37:54.552+0000] {processor.py:186} INFO - Started process (PID=91) to work on /opt/airflow/dags/load_public_holidays_dag.py
[2026-07-09T18:37:54.554+0000] {processor.py:914} INFO - Processing file /opt/airflow/dags/load_public_holidays_dag.py for tasks to queue
[2026-07-09T18:37:54.558+0000] {logging_mixin.py:190} INFO - [2026-07-09T18:37:54.557+0000] {dagbag.py:588} INFO - Filling up the DagBag from /opt/airflow/dags/load_public_holidays_dag.py
[2026-07-09T18:37:54.581+0000] {processor.py:925} INFO - DAG(s) 'load_public_holidays' retrieved from /opt/airflow/dags/load_public_holidays_dag.py
[2026-07-09T18:37:54.607+0000] {logging_mixin.py:190} INFO - [2026-07-09T18:37:54.607+0000] {dag.py:3239} INFO - Sync 1 DAGs
[2026-07-09T18:37:54.627+0000] {logging_mixin.py:190} INFO - [2026-07-09T18:37:54.627+0000] {dag.py:4180} INFO - Setting next_dagrun for load_public_holidays to 2026-07-01 02:00:00+00:00, run_after=2026-08-01 02:00:00+00:00
[2026-07-09T18:37:54.647+0000] {processor.py:208} INFO - Processing /opt/airflow/dags/load_public_holidays_dag.py took 0.101 seconds
[2026-07-09T18:38:24.906+0000] {processor.py:186} INFO - Started process (PID=93) to work on /opt/airflow/dags/load_public_holidays_dag.py
[2026-07-09T18:38:24.907+0000] {processor.py:914} INFO - Processing file /opt/airflow/dags/load_public_holidays_dag.py for tasks to queue
[2026-07-09T18:38:24.911+0000] {logging_mixin.py:190} INFO - [2026-07-09T18:38:24.910+0000] {dagbag.py:588} INFO - Filling up the DagBag from /opt/airflow/dags/load_public_holidays_dag.py
[2026-07-09T18:38:24.926+0000] {processor.py:925} INFO - DAG(s) 'load_public_holidays' retrieved from /opt/airflow/dags/load_public_holidays_dag.py
[2026-07-09T18:38:24.949+0000] {logging_mixin.py:190} INFO - [2026-07-09T18:38:24.949+0000] {dag.py:3239} INFO - Sync 1 DAGs
[2026-07-09T18:38:24.967+0000] {logging_mixin.py:190} INFO - [2026-07-09T18:38:24.966+0000] {dag.py:4180} INFO - Setting next_dagrun for load_public_holidays to 2026-07-01 02:00:00+00:00, run_after=2026-08-01 02:00:00+00:00
[2026-07-09T18:38:24.985+0000] {processor.py:208} INFO - Processing /opt/airflow/dags/load_public_holidays_dag.py took 0.086 seconds
[2026-07-09T18:38:55.279+0000] {processor.py:186} INFO - Started process (PID=95) to work on /opt/airflow/dags/load_public_holidays_dag.py
[2026-07-09T18:38:55.280+0000] {processor.py:914} INFO - Processing file /opt/airflow/dags/load_public_holidays_dag.py for tasks to queue
[2026-07-09T18:38:55.283+0000] {logging_mixin.py:190} INFO - [2026-07-09T18:38:55.283+0000] {dagbag.py:588} INFO - Filling up the DagBag from /opt/airflow/dags/load_public_holidays_dag.py
[2026-07-09T18:38:55.298+0000] {processor.py:925} INFO - DAG(s) 'load_public_holidays' retrieved from /opt/airflow/dags/load_public_holidays_dag.py
[2026-07-09T18:38:55.321+0000] {logging_mixin.py:190} INFO - [2026-07-09T18:38:55.321+0000] {dag.py:3239} INFO - Sync 1 DAGs
[2026-07-09T18:38:55.343+0000] {logging_mixin.py:190} INFO - [2026-07-09T18:38:55.343+0000] {dag.py:4180} INFO - Setting next_dagrun for load_public_holidays to 2026-07-01 02:00:00+00:00, run_after=2026-08-01 02:00:00+00:00
[2026-07-09T18:38:55.378+0000] {processor.py:208} INFO - Processing /opt/airflow/dags/load_public_holidays_dag.py took 0.105 seconds
[2026-07-09T18:39:25.633+0000] {processor.py:186} INFO - Started process (PID=97) to work on /opt/airflow/dags/load_public_holidays_dag.py
[2026-07-09T18:39:25.635+0000] {processor.py:914} INFO - Processing file /opt/airflow/dags/load_public_holidays_dag.py for tasks to queue
[2026-07-09T18:39:25.638+0000] {logging_mixin.py:190} INFO - [2026-07-09T18:39:25.638+0000] {dagbag.py:588} INFO - Filling up the DagBag from /opt/airflow/dags/load_public_holidays_dag.py
[2026-07-09T18:39:25.655+0000] {processor.py:925} INFO - DAG(s) 'load_public_holidays' retrieved from /opt/airflow/dags/load_public_holidays_dag.py
[2026-07-09T18:39:25.679+0000] {logging_mixin.py:190} INFO - [2026-07-09T18:39:25.679+0000] {dag.py:3239} INFO - Sync 1 DAGs
[2026-07-09T18:39:25.698+0000] {logging_mixin.py:190} INFO - [2026-07-09T18:39:25.698+0000] {dag.py:4180} INFO - Setting next_dagrun for load_public_holidays to 2026-07-01 02:00:00+00:00, run_after=2026-08-01 02:00:00+00:00
[2026-07-09T18:39:25.717+0000] {processor.py:208} INFO - Processing /opt/airflow/dags/load_public_holidays_dag.py took 0.091 seconds
[2026-07-09T18:39:55.880+0000] {processor.py:186} INFO - Started process (PID=99) to work on /opt/airflow/dags/load_public_holidays_dag.py
[2026-07-09T18:39:55.881+0000] {processor.py:914} INFO - Processing file /opt/airflow/dags/load_public_holidays_dag.py for tasks to queue
[2026-07-09T18:39:55.884+0000] {logging_mixin.py:190} INFO - [2026-07-09T18:39:55.883+0000] {dagbag.py:588} INFO - Filling up the DagBag from /opt/airflow/dags/load_public_holidays_dag.py
[2026-07-09T18:39:55.905+0000] {processor.py:925} INFO - DAG(s) 'load_public_holidays' retrieved from /opt/airflow/dags/load_public_holidays_dag.py
[2026-07-09T18:39:55.932+0000] {logging_mixin.py:190} INFO - [2026-07-09T18:39:55.932+0000] {dag.py:3239} INFO - Sync 1 DAGs
[2026-07-09T18:39:55.958+0000] {logging_mixin.py:190} INFO - [2026-07-09T18:39:55.958+0000] {dag.py:4180} INFO - Setting next_dagrun for load_public_holidays to 2026-07-01 02:00:00+00:00, run_after=2026-08-01 02:00:00+00:00
[2026-07-09T18:39:55.983+0000] {processor.py:208} INFO - Processing /opt/airflow/dags/load_public_holidays_dag.py took 0.110 seconds
[2026-07-09T18:40:26.216+0000] {processor.py:186} INFO - Started process (PID=101) to work on /opt/airflow/dags/load_public_holidays_dag.py
[2026-07-09T18:40:26.217+0000] {processor.py:914} INFO - Processing file /opt/airflow/dags/load_public_holidays_dag.py for tasks to queue
[2026-07-09T18:40:26.219+0000] {logging_mixin.py:190} INFO - [2026-07-09T18:40:26.219+0000] {dagbag.py:588} INFO - Filling up the DagBag from /opt/airflow/dags/load_public_holidays_dag.py
[2026-07-09T18:40:26.235+0000] {processor.py:925} INFO - DAG(s) 'load_public_holidays' retrieved from /opt/airflow/dags/load_public_holidays_dag.py
[2026-07-09T18:40:26.257+0000] {logging_mixin.py:190} INFO - [2026-07-09T18:40:26.256+0000] {dag.py:3239} INFO - Sync 1 DAGs
[2026-07-09T18:40:26.274+0000] {logging_mixin.py:190} INFO - [2026-07-09T18:40:26.274+0000] {dag.py:4180} INFO - Setting next_dagrun for load_public_holidays to 2026-07-01 02:00:00+00:00, run_after=2026-08-01 02:00:00+00:00
[2026-07-09T18:40:26.290+0000] {processor.py:208} INFO - Processing /opt/airflow/dags/load_public_holidays_dag.py took 0.079 seconds
[2026-07-09T18:40:56.463+0000] {processor.py:186} INFO - Started process (PID=103) to work on /opt/airflow/dags/load_public_holidays_dag.py
[2026-07-09T18:40:56.465+0000] {processor.py:914} INFO - Processing file /opt/airflow/dags/load_public_holidays_dag.py for tasks to queue
[2026-07-09T18:40:56.467+0000] {logging_mixin.py:190} INFO - [2026-07-09T18:40:56.467+0000] {dagbag.py:588} INFO - Filling up the DagBag from /opt/airflow/dags/load_public_holidays_dag.py
[2026-07-09T18:40:56.487+0000] {processor.py:925} INFO - DAG(s) 'load_public_holidays' retrieved from /opt/airflow/dags/load_public_holidays_dag.py
[2026-07-09T18:40:56.513+0000] {logging_mixin.py:190} INFO - [2026-07-09T18:40:56.513+0000] {dag.py:3239} INFO - Sync 1 DAGs
[2026-07-09T18:40:56.535+0000] {logging_mixin.py:190} INFO - [2026-07-09T18:40:56.534+0000] {dag.py:4180} INFO - Setting next_dagrun for load_public_holidays to 2026-07-01 02:00:00+00:00, run_after=2026-08-01 02:00:00+00:00
[2026-07-09T18:40:56.555+0000] {processor.py:208} INFO - Processing /opt/airflow/dags/load_public_holidays_dag.py took 0.096 seconds
[2026-07-09T18:41:26.853+0000] {processor.py:186} INFO - Started process (PID=105) to work on /opt/airflow/dags/load_public_holidays_dag.py
[2026-07-09T18:41:26.855+0000] {processor.py:914} INFO - Processing file /opt/airflow/dags/load_public_holidays_dag.py for tasks to queue
[2026-07-09T18:41:26.858+0000] {logging_mixin.py:190} INFO - [2026-07-09T18:41:26.858+0000] {dagbag.py:588} INFO - Filling up the DagBag from /opt/airflow/dags/load_public_holidays_dag.py
[2026-07-09T18:41:26.877+0000] {processor.py:925} INFO - DAG(s) 'load_public_holidays' retrieved from /opt/airflow/dags/load_public_holidays_dag.py
[2026-07-09T18:41:26.899+0000] {logging_mixin.py:190} INFO - [2026-07-09T18:41:26.899+0000] {dag.py:3239} INFO - Sync 1 DAGs
[2026-07-09T18:41:26.917+0000] {logging_mixin.py:190} INFO - [2026-07-09T18:41:26.917+0000] {dag.py:4180} INFO - Setting next_dagrun for load_public_holidays to 2026-07-01 02:00:00+00:00, run_after=2026-08-01 02:00:00+00:00
[2026-07-09T18:41:26.937+0000] {processor.py:208} INFO - Processing /opt/airflow/dags/load_public_holidays_dag.py took 0.090 seconds
[2026-07-09T18:41:57.262+0000] {processor.py:186} INFO - Started process (PID=107) to work on /opt/airflow/dags/load_public_holidays_dag.py
[2026-07-09T18:41:57.263+0000] {processor.py:914} INFO - Processing file /opt/airflow/dags/load_public_holidays_dag.py for tasks to queue
[2026-07-09T18:41:57.267+0000] {logging_mixin.py:190} INFO - [2026-07-09T18:41:57.266+0000] {dagbag.py:588} INFO - Filling up the DagBag from /opt/airflow/dags/load_public_holidays_dag.py
[2026-07-09T18:41:57.292+0000] {processor.py:925} INFO - DAG(s) 'load_public_holidays' retrieved from /opt/airflow/dags/load_public_holidays_dag.py
[2026-07-09T18:41:57.322+0000] {logging_mixin.py:190} INFO - [2026-07-09T18:41:57.322+0000] {dag.py:3239} INFO - Sync 1 DAGs
[2026-07-09T18:41:57.346+0000] {logging_mixin.py:190} INFO - [2026-07-09T18:41:57.345+0000] {dag.py:4180} INFO - Setting next_dagrun for load_public_holidays to 2026-07-01 02:00:00+00:00, run_after=2026-08-01 02:00:00+00:00
[2026-07-09T18:41:57.369+0000] {processor.py:208} INFO - Processing /opt/airflow/dags/load_public_holidays_dag.py took 0.115 seconds
[2026-07-09T18:42:27.544+0000] {processor.py:186} INFO - Started process (PID=109) to work on /opt/airflow/dags/load_public_holidays_dag.py
[2026-07-09T18:42:27.545+0000] {processor.py:914} INFO - Processing file /opt/airflow/dags/load_public_holidays_dag.py for tasks to queue
[2026-07-09T18:42:27.548+0000] {logging_mixin.py:190} INFO - [2026-07-09T18:42:27.548+0000] {dagbag.py:588} INFO - Filling up the DagBag from /opt/airflow/dags/load_public_holidays_dag.py
[2026-07-09T18:42:27.575+0000] {processor.py:925} INFO - DAG(s) 'load_public_holidays' retrieved from /opt/airflow/dags/load_public_holidays_dag.py
[2026-07-09T18:42:27.605+0000] {logging_mixin.py:190} INFO - [2026-07-09T18:42:27.605+0000] {dag.py:3239} INFO - Sync 1 DAGs
[2026-07-09T18:42:27.625+0000] {logging_mixin.py:190} INFO - [2026-07-09T18:42:27.625+0000] {dag.py:4180} INFO - Setting next_dagrun for load_public_holidays to 2026-07-01 02:00:00+00:00, run_after=2026-08-01 02:00:00+00:00
[2026-07-09T18:42:27.643+0000] {processor.py:208} INFO - Processing /opt/airflow/dags/load_public_holidays_dag.py took 0.105 seconds
[2026-07-09T18:42:58.014+0000] {processor.py:186} INFO - Started process (PID=111) to work on /opt/airflow/dags/load_public_holidays_dag.py
[2026-07-09T18:42:58.016+0000] {processor.py:914} INFO - Processing file /opt/airflow/dags/load_public_holidays_dag.py for tasks to queue
[2026-07-09T18:42:58.021+0000] {logging_mixin.py:190} INFO - [2026-07-09T18:42:58.021+0000] {dagbag.py:588} INFO - Filling up the DagBag from /opt/airflow/dags/load_public_holidays_dag.py
[2026-07-09T18:42:58.038+0000] {processor.py:925} INFO - DAG(s) 'load_public_holidays' retrieved from /opt/airflow/dags/load_public_holidays_dag.py
[2026-07-09T18:42:58.063+0000] {logging_mixin.py:190} INFO - [2026-07-09T18:42:58.062+0000] {dag.py:3239} INFO - Sync 1 DAGs
[2026-07-09T18:42:58.081+0000] {logging_mixin.py:190} INFO - [2026-07-09T18:42:58.081+0000] {dag.py:4180} INFO - Setting next_dagrun for load_public_holidays to 2026-07-01 02:00:00+00:00, run_after=2026-08-01 02:00:00+00:00
[2026-07-09T18:42:58.108+0000] {processor.py:208} INFO - Processing /opt/airflow/dags/load_public_holidays_dag.py took 0.100 seconds
[2026-07-09T18:43:28.384+0000] {processor.py:186} INFO - Started process (PID=113) to work on /opt/airflow/dags/load_public_holidays_dag.py
[2026-07-09T18:43:28.386+0000] {processor.py:914} INFO - Processing file /opt/airflow/dags/load_public_holidays_dag.py for tasks to queue
[2026-07-09T18:43:28.403+0000] {logging_mixin.py:190} INFO - [2026-07-09T18:43:28.403+0000] {dagbag.py:588} INFO - Filling up the DagBag from /opt/airflow/dags/load_public_holidays_dag.py
[2026-07-09T18:43:28.422+0000] {processor.py:925} INFO - DAG(s) 'load_public_holidays' retrieved from /opt/airflow/dags/load_public_holidays_dag.py
[2026-07-09T18:43:28.443+0000] {logging_mixin.py:190} INFO - [2026-07-09T18:43:28.443+0000] {dag.py:3239} INFO - Sync 1 DAGs
[2026-07-09T18:43:28.464+0000] {logging_mixin.py:190} INFO - [2026-07-09T18:43:28.464+0000] {dag.py:4180} INFO - Setting next_dagrun for load_public_holidays to 2026-07-01 02:00:00+00:00, run_after=2026-08-01 02:00:00+00:00
[2026-07-09T18:43:28.483+0000] {processor.py:208} INFO - Processing /opt/airflow/dags/load_public_holidays_dag.py took 0.107 seconds
[2026-07-09T18:43:58.795+0000] {processor.py:186} INFO - Started process (PID=115) to work on /opt/airflow/dags/load_public_holidays_dag.py
[2026-07-09T18:43:58.796+0000] {processor.py:914} INFO - Processing file /opt/airflow/dags/load_public_holidays_dag.py for tasks to queue
[2026-07-09T18:43:58.799+0000] {logging_mixin.py:190} INFO - [2026-07-09T18:43:58.798+0000] {dagbag.py:588} INFO - Filling up the DagBag from /opt/airflow/dags/load_public_holidays_dag.py
[2026-07-09T18:43:58.822+0000] {processor.py:925} INFO - DAG(s) 'load_public_holidays' retrieved from /opt/airflow/dags/load_public_holidays_dag.py
[2026-07-09T18:43:58.844+0000] {logging_mixin.py:190} INFO - [2026-07-09T18:43:58.844+0000] {dag.py:3239} INFO - Sync 1 DAGs
[2026-07-09T18:43:58.863+0000] {logging_mixin.py:190} INFO - [2026-07-09T18:43:58.863+0000] {dag.py:4180} INFO - Setting next_dagrun for load_public_holidays to 2026-07-01 02:00:00+00:00, run_after=2026-08-01 02:00:00+00:00
[2026-07-09T18:43:58.881+0000] {processor.py:208} INFO - Processing /opt/airflow/dags/load_public_holidays_dag.py took 0.093 seconds
[2026-07-09T18:44:29.065+0000] {processor.py:186} INFO - Started process (PID=117) to work on /opt/airflow/dags/load_public_holidays_dag.py
[2026-07-09T18:44:29.067+0000] {processor.py:914} INFO - Processing file /opt/airflow/dags/load_public_holidays_dag.py for tasks to queue
[2026-07-09T18:44:29.070+0000] {logging_mixin.py:190} INFO - [2026-07-09T18:44:29.070+0000] {dagbag.py:588} INFO - Filling up the DagBag from /opt/airflow/dags/load_public_holidays_dag.py
[2026-07-09T18:44:29.089+0000] {processor.py:925} INFO - DAG(s) 'load_public_holidays' retrieved from /opt/airflow/dags/load_public_holidays_dag.py
[2026-07-09T18:44:29.116+0000] {logging_mixin.py:190} INFO - [2026-07-09T18:44:29.115+0000] {dag.py:3239} INFO - Sync 1 DAGs
[2026-07-09T18:44:29.136+0000] {logging_mixin.py:190} INFO - [2026-07-09T18:44:29.136+0000] {dag.py:4180} INFO - Setting next_dagrun for load_public_holidays to 2026-07-01 02:00:00+00:00, run_after=2026-08-01 02:00:00+00:00
[2026-07-09T18:44:29.158+0000] {processor.py:208} INFO - Processing /opt/airflow/dags/load_public_holidays_dag.py took 0.099 seconds
[2026-07-09T18:44:59.360+0000] {processor.py:186} INFO - Started process (PID=119) to work on /opt/airflow/dags/load_public_holidays_dag.py
[2026-07-09T18:44:59.362+0000] {processor.py:914} INFO - Processing file /opt/airflow/dags/load_public_holidays_dag.py for tasks to queue
[2026-07-09T18:44:59.364+0000] {logging_mixin.py:190} INFO - [2026-07-09T18:44:59.364+0000] {dagbag.py:588} INFO - Filling up the DagBag from /opt/airflow/dags/load_public_holidays_dag.py
[2026-07-09T18:44:59.380+0000] {processor.py:925} INFO - DAG(s) 'load_public_holidays' retrieved from /opt/airflow/dags/load_public_holidays_dag.py
[2026-07-09T18:44:59.402+0000] {logging_mixin.py:190} INFO - [2026-07-09T18:44:59.402+0000] {dag.py:3239} INFO - Sync 1 DAGs
[2026-07-09T18:44:59.422+0000] {logging_mixin.py:190} INFO - [2026-07-09T18:44:59.422+0000] {dag.py:4180} INFO - Setting next_dagrun for load_public_holidays to 2026-07-01 02:00:00+00:00, run_after=2026-08-01 02:00:00+00:00
[2026-07-09T18:44:59.442+0000] {processor.py:208} INFO - Processing /opt/airflow/dags/load_public_holidays_dag.py took 0.087 seconds
[2026-07-09T18:45:29.702+0000] {processor.py:186} INFO - Started process (PID=121) to work on /opt/airflow/dags/load_public_holidays_dag.py
[2026-07-09T18:45:29.703+0000] {processor.py:914} INFO - Processing file /opt/airflow/dags/load_public_holidays_dag.py for tasks to queue
[2026-07-09T18:45:29.718+0000] {logging_mixin.py:190} INFO - [2026-07-09T18:45:29.717+0000] {dagbag.py:588} INFO - Filling up the DagBag from /opt/airflow/dags/load_public_holidays_dag.py
[2026-07-09T18:45:29.745+0000] {processor.py:925} INFO - DAG(s) 'load_public_holidays' retrieved from /opt/airflow/dags/load_public_holidays_dag.py
[2026-07-09T18:45:29.771+0000] {logging_mixin.py:190} INFO - [2026-07-09T18:45:29.771+0000] {dag.py:3239} INFO - Sync 1 DAGs
[2026-07-09T18:45:29.793+0000] {logging_mixin.py:190} INFO - [2026-07-09T18:45:29.792+0000] {dag.py:4180} INFO - Setting next_dagrun for load_public_holidays to 2026-07-01 02:00:00+00:00, run_after=2026-08-01 02:00:00+00:00
[2026-07-09T18:45:29.812+0000] {processor.py:208} INFO - Processing /opt/airflow/dags/load_public_holidays_dag.py took 0.118 seconds
[2026-07-09T18:46:00.007+0000] {processor.py:186} INFO - Started process (PID=123) to work on /opt/airflow/dags/load_public_holidays_dag.py
[2026-07-09T18:46:00.009+0000] {processor.py:914} INFO - Processing file /opt/airflow/dags/load_public_holidays_dag.py for tasks to queue
[2026-07-09T18:46:00.013+0000] {logging_mixin.py:190} INFO - [2026-07-09T18:46:00.013+0000] {dagbag.py:588} INFO - Filling up the DagBag from /opt/airflow/dags/load_public_holidays_dag.py
[2026-07-09T18:46:00.038+0000] {processor.py:925} INFO - DAG(s) 'load_public_holidays' retrieved from /opt/airflow/dags/load_public_holidays_dag.py
[2026-07-09T18:46:00.069+0000] {logging_mixin.py:190} INFO - [2026-07-09T18:46:00.069+0000] {dag.py:3239} INFO - Sync 1 DAGs
[2026-07-09T18:46:00.093+0000] {logging_mixin.py:190} INFO - [2026-07-09T18:46:00.093+0000] {dag.py:4180} INFO - Setting next_dagrun for load_public_holidays to 2026-07-01 02:00:00+00:00, run_after=2026-08-01 02:00:00+00:00
[2026-07-09T18:46:00.114+0000] {processor.py:208} INFO - Processing /opt/airflow/dags/load_public_holidays_dag.py took 0.115 seconds
[2026-07-09T18:46:30.395+0000] {processor.py:186} INFO - Started process (PID=125) to work on /opt/airflow/dags/load_public_holidays_dag.py
[2026-07-09T18:46:30.397+0000] {processor.py:914} INFO - Processing file /opt/airflow/dags/load_public_holidays_dag.py for tasks to queue
[2026-07-09T18:46:30.400+0000] {logging_mixin.py:190} INFO - [2026-07-09T18:46:30.400+0000] {dagbag.py:588} INFO - Filling up the DagBag from /opt/airflow/dags/load_public_holidays_dag.py
[2026-07-09T18:46:30.423+0000] {processor.py:925} INFO - DAG(s) 'load_public_holidays' retrieved from /opt/airflow/dags/load_public_holidays_dag.py
[2026-07-09T18:46:30.452+0000] {logging_mixin.py:190} INFO - [2026-07-09T18:46:30.452+0000] {dag.py:3239} INFO - Sync 1 DAGs
[2026-07-09T18:46:30.475+0000] {logging_mixin.py:190} INFO - [2026-07-09T18:46:30.474+0000] {dag.py:4180} INFO - Setting next_dagrun for load_public_holidays to 2026-07-01 02:00:00+00:00, run_after=2026-08-01 02:00:00+00:00
[2026-07-09T18:46:30.496+0000] {processor.py:208} INFO - Processing /opt/airflow/dags/load_public_holidays_dag.py took 0.108 seconds
[2026-07-09T18:47:00.627+0000] {processor.py:186} INFO - Started process (PID=127) to work on /opt/airflow/dags/load_public_holidays_dag.py
[2026-07-09T18:47:00.627+0000] {processor.py:914} INFO - Processing file /opt/airflow/dags/load_public_holidays_dag.py for tasks to queue
[2026-07-09T18:47:00.630+0000] {logging_mixin.py:190} INFO - [2026-07-09T18:47:00.629+0000] {dagbag.py:588} INFO - Filling up the DagBag from /opt/airflow/dags/load_public_holidays_dag.py
[2026-07-09T18:47:00.647+0000] {processor.py:925} INFO - DAG(s) 'load_public_holidays' retrieved from /opt/airflow/dags/load_public_holidays_dag.py
[2026-07-09T18:47:00.671+0000] {logging_mixin.py:190} INFO - [2026-07-09T18:47:00.670+0000] {dag.py:3239} INFO - Sync 1 DAGs
[2026-07-09T18:47:00.691+0000] {logging_mixin.py:190} INFO - [2026-07-09T18:47:00.690+0000] {dag.py:4180} INFO - Setting next_dagrun for load_public_holidays to 2026-07-01 02:00:00+00:00, run_after=2026-08-01 02:00:00+00:00
[2026-07-09T18:47:00.710+0000] {processor.py:208} INFO - Processing /opt/airflow/dags/load_public_holidays_dag.py took 0.088 seconds
[2026-07-09T18:47:30.917+0000] {processor.py:186} INFO - Started process (PID=129) to work on /opt/airflow/dags/load_public_holidays_dag.py
[2026-07-09T18:47:30.918+0000] {processor.py:914} INFO - Processing file /opt/airflow/dags/load_public_holidays_dag.py for tasks to queue
[2026-07-09T18:47:30.921+0000] {logging_mixin.py:190} INFO - [2026-07-09T18:47:30.920+0000] {dagbag.py:588} INFO - Filling up the DagBag from /opt/airflow/dags/load_public_holidays_dag.py
[2026-07-09T18:47:30.942+0000] {processor.py:925} INFO - DAG(s) 'load_public_holidays' retrieved from /opt/airflow/dags/load_public_holidays_dag.py
[2026-07-09T18:47:30.967+0000] {logging_mixin.py:190} INFO - [2026-07-09T18:47:30.967+0000] {dag.py:3239} INFO - Sync 1 DAGs
[2026-07-09T18:47:30.988+0000] {logging_mixin.py:190} INFO - [2026-07-09T18:47:30.988+0000] {dag.py:4180} INFO - Setting next_dagrun for load_public_holidays to 2026-07-01 02:00:00+00:00, run_after=2026-08-01 02:00:00+00:00
[2026-07-09T18:47:31.010+0000] {processor.py:208} INFO - Processing /opt/airflow/dags/load_public_holidays_dag.py took 0.099 seconds
[2026-07-09T18:48:01.414+0000] {processor.py:186} INFO - Started process (PID=131) to work on /opt/airflow/dags/load_public_holidays_dag.py
[2026-07-09T18:48:01.415+0000] {processor.py:914} INFO - Processing file /opt/airflow/dags/load_public_holidays_dag.py for tasks to queue
[2026-07-09T18:48:01.418+0000] {logging_mixin.py:190} INFO - [2026-07-09T18:48:01.417+0000] {dagbag.py:588} INFO - Filling up the DagBag from /opt/airflow/dags/load_public_holidays_dag.py
[2026-07-09T18:48:01.435+0000] {processor.py:925} INFO - DAG(s) 'load_public_holidays' retrieved from /opt/airflow/dags/load_public_holidays_dag.py
[2026-07-09T18:48:01.456+0000] {logging_mixin.py:190} INFO - [2026-07-09T18:48:01.456+0000] {dag.py:3239} INFO - Sync 1 DAGs
[2026-07-09T18:48:01.476+0000] {logging_mixin.py:190} INFO - [2026-07-09T18:48:01.476+0000] {dag.py:4180} INFO - Setting next_dagrun for load_public_holidays to 2026-07-01 02:00:00+00:00, run_after=2026-08-01 02:00:00+00:00
[2026-07-09T18:48:01.494+0000] {processor.py:208} INFO - Processing /opt/airflow/dags/load_public_holidays_dag.py took 0.085 seconds
[2026-07-09T18:48:31.696+0000] {processor.py:186} INFO - Started process (PID=133) to work on /opt/airflow/dags/load_public_holidays_dag.py
[2026-07-09T18:48:31.698+0000] {processor.py:914} INFO - Processing file /opt/airflow/dags/load_public_holidays_dag.py for tasks to queue
[2026-07-09T18:48:31.702+0000] {logging_mixin.py:190} INFO - [2026-07-09T18:48:31.702+0000] {dagbag.py:588} INFO - Filling up the DagBag from /opt/airflow/dags/load_public_holidays_dag.py
[2026-07-09T18:48:31.721+0000] {processor.py:925} INFO - DAG(s) 'load_public_holidays' retrieved from /opt/airflow/dags/load_public_holidays_dag.py
[2026-07-09T18:48:31.750+0000] {logging_mixin.py:190} INFO - [2026-07-09T18:48:31.750+0000] {dag.py:3239} INFO - Sync 1 DAGs
[2026-07-09T18:48:31.773+0000] {logging_mixin.py:190} INFO - [2026-07-09T18:48:31.773+0000] {dag.py:4180} INFO - Setting next_dagrun for load_public_holidays to 2026-07-01 02:00:00+00:00, run_after=2026-08-01 02:00:00+00:00
[2026-07-09T18:48:31.796+0000] {processor.py:208} INFO - Processing /opt/airflow/dags/load_public_holidays_dag.py took 0.107 seconds
[2026-07-09T18:49:02.079+0000] {processor.py:186} INFO - Started process (PID=135) to work on /opt/airflow/dags/load_public_holidays_dag.py
[2026-07-09T18:49:02.083+0000] {processor.py:914} INFO - Processing file /opt/airflow/dags/load_public_holidays_dag.py for tasks to queue
[2026-07-09T18:49:02.094+0000] {logging_mixin.py:190} INFO - [2026-07-09T18:49:02.094+0000] {dagbag.py:588} INFO - Filling up the DagBag from /opt/airflow/dags/load_public_holidays_dag.py
[2026-07-09T18:49:02.114+0000] {processor.py:925} INFO - DAG(s) 'load_public_holidays' retrieved from /opt/airflow/dags/load_public_holidays_dag.py
[2026-07-09T18:49:02.138+0000] {logging_mixin.py:190} INFO - [2026-07-09T18:49:02.137+0000] {dag.py:3239} INFO - Sync 1 DAGs
[2026-07-09T18:49:02.157+0000] {logging_mixin.py:190} INFO - [2026-07-09T18:49:02.157+0000] {dag.py:4180} INFO - Setting next_dagrun for load_public_holidays to 2026-07-01 02:00:00+00:00, run_after=2026-08-01 02:00:00+00:00
[2026-07-09T18:49:02.177+0000] {processor.py:208} INFO - Processing /opt/airflow/dags/load_public_holidays_dag.py took 0.104 seconds
[2026-07-09T18:49:32.356+0000] {processor.py:186} INFO - Started process (PID=137) to work on /opt/airflow/dags/load_public_holidays_dag.py
[2026-07-09T18:49:32.357+0000] {processor.py:914} INFO - Processing file /opt/airflow/dags/load_public_holidays_dag.py for tasks to queue
[2026-07-09T18:49:32.360+0000] {logging_mixin.py:190} INFO - [2026-07-09T18:49:32.360+0000] {dagbag.py:588} INFO - Filling up the DagBag from /opt/airflow/dags/load_public_holidays_dag.py
[2026-07-09T18:49:32.377+0000] {processor.py:925} INFO - DAG(s) 'load_public_holidays' retrieved from /opt/airflow/dags/load_public_holidays_dag.py
[2026-07-09T18:49:32.404+0000] {logging_mixin.py:190} INFO - [2026-07-09T18:49:32.403+0000] {dag.py:3239} INFO - Sync 1 DAGs
[2026-07-09T18:49:32.424+0000] {logging_mixin.py:190} INFO - [2026-07-09T18:49:32.423+0000] {dag.py:4180} INFO - Setting next_dagrun for load_public_holidays to 2026-07-01 02:00:00+00:00, run_after=2026-08-01 02:00:00+00:00
[2026-07-09T18:49:32.446+0000] {processor.py:208} INFO - Processing /opt/airflow/dags/load_public_holidays_dag.py took 0.095 seconds
[2026-07-09T18:50:02.689+0000] {processor.py:186} INFO - Started process (PID=139) to work on /opt/airflow/dags/load_public_holidays_dag.py
[2026-07-09T18:50:02.691+0000] {processor.py:914} INFO - Processing file /opt/airflow/dags/load_public_holidays_dag.py for tasks to queue
[2026-07-09T18:50:02.696+0000] {logging_mixin.py:190} INFO - [2026-07-09T18:50:02.696+0000] {dagbag.py:588} INFO - Filling up the DagBag from /opt/airflow/dags/load_public_holidays_dag.py
[2026-07-09T18:50:02.720+0000] {processor.py:925} INFO - DAG(s) 'load_public_holidays' retrieved from /opt/airflow/dags/load_public_holidays_dag.py
[2026-07-09T18:50:02.753+0000] {logging_mixin.py:190} INFO - [2026-07-09T18:50:02.752+0000] {dag.py:3239} INFO - Sync 1 DAGs
[2026-07-09T18:50:02.779+0000] {logging_mixin.py:190} INFO - [2026-07-09T18:50:02.779+0000] {dag.py:4180} INFO - Setting next_dagrun for load_public_holidays to 2026-07-01 02:00:00+00:00, run_after=2026-08-01 02:00:00+00:00
[2026-07-09T18:50:02.806+0000] {processor.py:208} INFO - Processing /opt/airflow/dags/load_public_holidays_dag.py took 0.124 seconds
[2026-07-09T18:50:32.946+0000] {processor.py:186} INFO - Started process (PID=141) to work on /opt/airflow/dags/load_public_holidays_dag.py
[2026-07-09T18:50:32.948+0000] {processor.py:914} INFO - Processing file /opt/airflow/dags/load_public_holidays_dag.py for tasks to queue
[2026-07-09T18:50:32.951+0000] {logging_mixin.py:190} INFO - [2026-07-09T18:50:32.951+0000] {dagbag.py:588} INFO - Filling up the DagBag from /opt/airflow/dags/load_public_holidays_dag.py
[2026-07-09T18:50:32.975+0000] {processor.py:925} INFO - DAG(s) 'load_public_holidays' retrieved from /opt/airflow/dags/load_public_holidays_dag.py
[2026-07-09T18:50:33.005+0000] {logging_mixin.py:190} INFO - [2026-07-09T18:50:33.005+0000] {dag.py:3239} INFO - Sync 1 DAGs
[2026-07-09T18:50:33.031+0000] {logging_mixin.py:190} INFO - [2026-07-09T18:50:33.030+0000] {dag.py:4180} INFO - Setting next_dagrun for load_public_holidays to 2026-07-01 02:00:00+00:00, run_after=2026-08-01 02:00:00+00:00
[2026-07-09T18:50:33.054+0000] {processor.py:208} INFO - Processing /opt/airflow/dags/load_public_holidays_dag.py took 0.116 seconds
[2026-07-09T18:51:03.328+0000] {processor.py:186} INFO - Started process (PID=143) to work on /opt/airflow/dags/load_public_holidays_dag.py
[2026-07-09T18:51:03.330+0000] {processor.py:914} INFO - Processing file /opt/airflow/dags/load_public_holidays_dag.py for tasks to queue
[2026-07-09T18:51:03.341+0000] {logging_mixin.py:190} INFO - [2026-07-09T18:51:03.341+0000] {dagbag.py:588} INFO - Filling up the DagBag from /opt/airflow/dags/load_public_holidays_dag.py
[2026-07-09T18:51:03.368+0000] {processor.py:925} INFO - DAG(s) 'load_public_holidays' retrieved from /opt/airflow/dags/load_public_holidays_dag.py
[2026-07-09T18:51:03.395+0000] {logging_mixin.py:190} INFO - [2026-07-09T18:51:03.395+0000] {dag.py:3239} INFO - Sync 1 DAGs
[2026-07-09T18:51:03.418+0000] {logging_mixin.py:190} INFO - [2026-07-09T18:51:03.417+0000] {dag.py:4180} INFO - Setting next_dagrun for load_public_holidays to 2026-07-01 02:00:00+00:00, run_after=2026-08-01 02:00:00+00:00
[2026-07-09T18:51:03.440+0000] {processor.py:208} INFO - Processing /opt/airflow/dags/load_public_holidays_dag.py took 0.121 seconds
[2026-07-09T18:51:33.672+0000] {processor.py:186} INFO - Started process (PID=145) to work on /opt/airflow/dags/load_public_holidays_dag.py
[2026-07-09T18:51:33.673+0000] {processor.py:914} INFO - Processing file /opt/airflow/dags/load_public_holidays_dag.py for tasks to queue
[2026-07-09T18:51:33.677+0000] {logging_mixin.py:190} INFO - [2026-07-09T18:51:33.677+0000] {dagbag.py:588} INFO - Filling up the DagBag from /opt/airflow/dags/load_public_holidays_dag.py
[2026-07-09T18:51:33.700+0000] {processor.py:925} INFO - DAG(s) 'load_public_holidays' retrieved from /opt/airflow/dags/load_public_holidays_dag.py
[2026-07-09T18:51:33.726+0000] {logging_mixin.py:190} INFO - [2026-07-09T18:51:33.725+0000] {dag.py:3239} INFO - Sync 1 DAGs
[2026-07-09T18:51:33.748+0000] {logging_mixin.py:190} INFO - [2026-07-09T18:51:33.748+0000] {dag.py:4180} INFO - Setting next_dagrun for load_public_holidays to 2026-07-01 02:00:00+00:00, run_after=2026-08-01 02:00:00+00:00
[2026-07-09T18:51:33.770+0000] {processor.py:208} INFO - Processing /opt/airflow/dags/load_public_holidays_dag.py took 0.108 seconds
[2026-07-09T18:52:04.072+0000] {processor.py:186} INFO - Started process (PID=147) to work on /opt/airflow/dags/load_public_holidays_dag.py
[2026-07-09T18:52:04.073+0000] {processor.py:914} INFO - Processing file /opt/airflow/dags/load_public_holidays_dag.py for tasks to queue
[2026-07-09T18:52:04.076+0000] {logging_mixin.py:190} INFO - [2026-07-09T18:52:04.076+0000] {dagbag.py:588} INFO - Filling up the DagBag from /opt/airflow/dags/load_public_holidays_dag.py
[2026-07-09T18:52:04.108+0000] {processor.py:925} INFO - DAG(s) 'load_public_holidays' retrieved from /opt/airflow/dags/load_public_holidays_dag.py
[2026-07-09T18:52:04.136+0000] {logging_mixin.py:190} INFO - [2026-07-09T18:52:04.136+0000] {dag.py:3239} INFO - Sync 1 DAGs
[2026-07-09T18:52:04.161+0000] {logging_mixin.py:190} INFO - [2026-07-09T18:52:04.161+0000] {dag.py:4180} INFO - Setting next_dagrun for load_public_holidays to 2026-07-01 02:00:00+00:00, run_after=2026-08-01 02:00:00+00:00
[2026-07-09T18:52:04.196+0000] {processor.py:208} INFO - Processing /opt/airflow/dags/load_public_holidays_dag.py took 0.130 seconds
[2026-07-09T18:52:34.455+0000] {processor.py:186} INFO - Started process (PID=149) to work on /opt/airflow/dags/load_public_holidays_dag.py
[2026-07-09T18:52:34.458+0000] {processor.py:914} INFO - Processing file /opt/airflow/dags/load_public_holidays_dag.py for tasks to queue
[2026-07-09T18:52:34.463+0000] {logging_mixin.py:190} INFO - [2026-07-09T18:52:34.462+0000] {dagbag.py:588} INFO - Filling up the DagBag from /opt/airflow/dags/load_public_holidays_dag.py
[2026-07-09T18:52:34.483+0000] {processor.py:925} INFO - DAG(s) 'load_public_holidays' retrieved from /opt/airflow/dags/load_public_holidays_dag.py
[2026-07-09T18:52:34.510+0000] {logging_mixin.py:190} INFO - [2026-07-09T18:52:34.510+0000] {dag.py:3239} INFO - Sync 1 DAGs
[2026-07-09T18:52:34.534+0000] {logging_mixin.py:190} INFO - [2026-07-09T18:52:34.534+0000] {dag.py:4180} INFO - Setting next_dagrun for load_public_holidays to 2026-07-01 02:00:00+00:00, run_after=2026-08-01 02:00:00+00:00
[2026-07-09T18:52:34.557+0000] {processor.py:208} INFO - Processing /opt/airflow/dags/load_public_holidays_dag.py took 0.108 seconds
[2026-07-09T18:53:04.756+0000] {processor.py:186} INFO - Started process (PID=151) to work on /opt/airflow/dags/load_public_holidays_dag.py
[2026-07-09T18:53:04.758+0000] {processor.py:914} INFO - Processing file /opt/airflow/dags/load_public_holidays_dag.py for tasks to queue
[2026-07-09T18:53:04.763+0000] {logging_mixin.py:190} INFO - [2026-07-09T18:53:04.762+0000] {dagbag.py:588} INFO - Filling up the DagBag from /opt/airflow/dags/load_public_holidays_dag.py
[2026-07-09T18:53:04.796+0000] {processor.py:925} INFO - DAG(s) 'load_public_holidays' retrieved from /opt/airflow/dags/load_public_holidays_dag.py
[2026-07-09T18:53:04.830+0000] {logging_mixin.py:190} INFO - [2026-07-09T18:53:04.830+0000] {dag.py:3239} INFO - Sync 1 DAGs
[2026-07-09T18:53:04.856+0000] {logging_mixin.py:190} INFO - [2026-07-09T18:53:04.856+0000] {dag.py:4180} INFO - Setting next_dagrun for load_public_holidays to 2026-07-01 02:00:00+00:00, run_after=2026-08-01 02:00:00+00:00
[2026-07-09T18:53:04.897+0000] {processor.py:208} INFO - Processing /opt/airflow/dags/load_public_holidays_dag.py took 0.149 seconds
[2026-07-09T18:53:35.135+0000] {processor.py:186} INFO - Started process (PID=153) to work on /opt/airflow/dags/load_public_holidays_dag.py
[2026-07-09T18:53:35.138+0000] {processor.py:914} INFO - Processing file /opt/airflow/dags/load_public_holidays_dag.py for tasks to queue
[2026-07-09T18:53:35.142+0000] {logging_mixin.py:190} INFO - [2026-07-09T18:53:35.141+0000] {dagbag.py:588} INFO - Filling up the DagBag from /opt/airflow/dags/load_public_holidays_dag.py
[2026-07-09T18:53:35.167+0000] {processor.py:925} INFO - DAG(s) 'load_public_holidays' retrieved from /opt/airflow/dags/load_public_holidays_dag.py
[2026-07-09T18:53:35.193+0000] {logging_mixin.py:190} INFO - [2026-07-09T18:53:35.193+0000] {dag.py:3239} INFO - Sync 1 DAGs
[2026-07-09T18:53:35.217+0000] {logging_mixin.py:190} INFO - [2026-07-09T18:53:35.217+0000] {dag.py:4180} INFO - Setting next_dagrun for load_public_holidays to 2026-07-01 02:00:00+00:00, run_after=2026-08-01 02:00:00+00:00
[2026-07-09T18:53:35.242+0000] {processor.py:208} INFO - Processing /opt/airflow/dags/load_public_holidays_dag.py took 0.114 seconds
[2026-07-09T18:54:05.404+0000] {processor.py:186} INFO - Started process (PID=155) to work on /opt/airflow/dags/load_public_holidays_dag.py
[2026-07-09T18:54:05.406+0000] {processor.py:914} INFO - Processing file /opt/airflow/dags/load_public_holidays_dag.py for tasks to queue
[2026-07-09T18:54:05.408+0000] {logging_mixin.py:190} INFO - [2026-07-09T18:54:05.408+0000] {dagbag.py:588} INFO - Filling up the DagBag from /opt/airflow/dags/load_public_holidays_dag.py
[2026-07-09T18:54:05.426+0000] {processor.py:925} INFO - DAG(s) 'load_public_holidays' retrieved from /opt/airflow/dags/load_public_holidays_dag.py
[2026-07-09T18:54:05.454+0000] {logging_mixin.py:190} INFO - [2026-07-09T18:54:05.454+0000] {dag.py:3239} INFO - Sync 1 DAGs
[2026-07-09T18:54:05.479+0000] {logging_mixin.py:190} INFO - [2026-07-09T18:54:05.479+0000] {dag.py:4180} INFO - Setting next_dagrun for load_public_holidays to 2026-07-01 02:00:00+00:00, run_after=2026-08-01 02:00:00+00:00
[2026-07-09T18:54:05.502+0000] {processor.py:208} INFO - Processing /opt/airflow/dags/load_public_holidays_dag.py took 0.103 seconds
[2026-07-09T18:54:35.734+0000] {processor.py:186} INFO - Started process (PID=157) to work on /opt/airflow/dags/load_public_holidays_dag.py
[2026-07-09T18:54:35.736+0000] {processor.py:914} INFO - Processing file /opt/airflow/dags/load_public_holidays_dag.py for tasks to queue
[2026-07-09T18:54:35.739+0000] {logging_mixin.py:190} INFO - [2026-07-09T18:54:35.739+0000] {dagbag.py:588} INFO - Filling up the DagBag from /opt/airflow/dags/load_public_holidays_dag.py
[2026-07-09T18:54:35.776+0000] {processor.py:925} INFO - DAG(s) 'load_public_holidays' retrieved from /opt/airflow/dags/load_public_holidays_dag.py
[2026-07-09T18:54:35.826+0000] {logging_mixin.py:190} INFO - [2026-07-09T18:54:35.826+0000] {dag.py:3239} INFO - Sync 1 DAGs
[2026-07-09T18:54:35.860+0000] {logging_mixin.py:190} INFO - [2026-07-09T18:54:35.859+0000] {dag.py:4180} INFO - Setting next_dagrun for load_public_holidays to 2026-07-01 02:00:00+00:00, run_after=2026-08-01 02:00:00+00:00
[2026-07-09T18:54:35.892+0000] {processor.py:208} INFO - Processing /opt/airflow/dags/load_public_holidays_dag.py took 0.168 seconds
[2026-07-09T18:55:06.210+0000] {processor.py:186} INFO - Started process (PID=159) to work on /opt/airflow/dags/load_public_holidays_dag.py
[2026-07-09T18:55:06.211+0000] {processor.py:914} INFO - Processing file /opt/airflow/dags/load_public_holidays_dag.py for tasks to queue
[2026-07-09T18:55:06.215+0000] {logging_mixin.py:190} INFO - [2026-07-09T18:55:06.214+0000] {dagbag.py:588} INFO - Filling up the DagBag from /opt/airflow/dags/load_public_holidays_dag.py
[2026-07-09T18:55:06.239+0000] {processor.py:925} INFO - DAG(s) 'load_public_holidays' retrieved from /opt/airflow/dags/load_public_holidays_dag.py
[2026-07-09T18:55:06.275+0000] {logging_mixin.py:190} INFO - [2026-07-09T18:55:06.275+0000] {dag.py:3239} INFO - Sync 1 DAGs
[2026-07-09T18:55:06.310+0000] {logging_mixin.py:190} INFO - [2026-07-09T18:55:06.310+0000] {dag.py:4180} INFO - Setting next_dagrun for load_public_holidays to 2026-07-01 02:00:00+00:00, run_after=2026-08-01 02:00:00+00:00
[2026-07-09T18:55:06.339+0000] {processor.py:208} INFO - Processing /opt/airflow/dags/load_public_holidays_dag.py took 0.136 seconds
[2026-07-09T18:55:36.451+0000] {processor.py:186} INFO - Started process (PID=161) to work on /opt/airflow/dags/load_public_holidays_dag.py
[2026-07-09T18:55:36.453+0000] {processor.py:914} INFO - Processing file /opt/airflow/dags/load_public_holidays_dag.py for tasks to queue
[2026-07-09T18:55:36.457+0000] {logging_mixin.py:190} INFO - [2026-07-09T18:55:36.457+0000] {dagbag.py:588} INFO - Filling up the DagBag from /opt/airflow/dags/load_public_holidays_dag.py
[2026-07-09T18:55:36.483+0000] {processor.py:925} INFO - DAG(s) 'load_public_holidays' retrieved from /opt/airflow/dags/load_public_holidays_dag.py
[2026-07-09T18:55:36.515+0000] {logging_mixin.py:190} INFO - [2026-07-09T18:55:36.515+0000] {dag.py:3239} INFO - Sync 1 DAGs
[2026-07-09T18:55:36.542+0000] {logging_mixin.py:190} INFO - [2026-07-09T18:55:36.541+0000] {dag.py:4180} INFO - Setting next_dagrun for load_public_holidays to 2026-07-01 02:00:00+00:00, run_after=2026-08-01 02:00:00+00:00
[2026-07-09T18:55:36.570+0000] {processor.py:208} INFO - Processing /opt/airflow/dags/load_public_holidays_dag.py took 0.126 seconds
[2026-07-09T18:56:06.778+0000] {processor.py:186} INFO - Started process (PID=163) to work on /opt/airflow/dags/load_public_holidays_dag.py
[2026-07-09T18:56:06.781+0000] {processor.py:914} INFO - Processing file /opt/airflow/dags/load_public_holidays_dag.py for tasks to queue
[2026-07-09T18:56:06.786+0000] {logging_mixin.py:190} INFO - [2026-07-09T18:56:06.785+0000] {dagbag.py:588} INFO - Filling up the DagBag from /opt/airflow/dags/load_public_holidays_dag.py
[2026-07-09T18:56:06.815+0000] {processor.py:925} INFO - DAG(s) 'load_public_holidays' retrieved from /opt/airflow/dags/load_public_holidays_dag.py
[2026-07-09T18:56:06.847+0000] {logging_mixin.py:190} INFO - [2026-07-09T18:56:06.847+0000] {dag.py:3239} INFO - Sync 1 DAGs
[2026-07-09T18:56:06.875+0000] {logging_mixin.py:190} INFO - [2026-07-09T18:56:06.875+0000] {dag.py:4180} INFO - Setting next_dagrun for load_public_holidays to 2026-07-01 02:00:00+00:00, run_after=2026-08-01 02:00:00+00:00
[2026-07-09T18:56:06.901+0000] {processor.py:208} INFO - Processing /opt/airflow/dags/load_public_holidays_dag.py took 0.132 seconds
[2026-07-09T18:56:37.038+0000] {processor.py:186} INFO - Started process (PID=165) to work on /opt/airflow/dags/load_public_holidays_dag.py
[2026-07-09T18:56:37.040+0000] {processor.py:914} INFO - Processing file /opt/airflow/dags/load_public_holidays_dag.py for tasks to queue
[2026-07-09T18:56:37.042+0000] {logging_mixin.py:190} INFO - [2026-07-09T18:56:37.042+0000] {dagbag.py:588} INFO - Filling up the DagBag from /opt/airflow/dags/load_public_holidays_dag.py
[2026-07-09T18:56:37.062+0000] {processor.py:925} INFO - DAG(s) 'load_public_holidays' retrieved from /opt/airflow/dags/load_public_holidays_dag.py
[2026-07-09T18:56:37.092+0000] {logging_mixin.py:190} INFO - [2026-07-09T18:56:37.092+0000] {dag.py:3239} INFO - Sync 1 DAGs
[2026-07-09T18:56:37.118+0000] {logging_mixin.py:190} INFO - [2026-07-09T18:56:37.117+0000] {dag.py:4180} INFO - Setting next_dagrun for load_public_holidays to 2026-07-01 02:00:00+00:00, run_after=2026-08-01 02:00:00+00:00
[2026-07-09T18:56:37.140+0000] {processor.py:208} INFO - Processing /opt/airflow/dags/load_public_holidays_dag.py took 0.109 seconds
[2026-07-09T18:57:07.393+0000] {processor.py:186} INFO - Started process (PID=167) to work on /opt/airflow/dags/load_public_holidays_dag.py
[2026-07-09T18:57:07.395+0000] {processor.py:914} INFO - Processing file /opt/airflow/dags/load_public_holidays_dag.py for tasks to queue
[2026-07-09T18:57:07.400+0000] {logging_mixin.py:190} INFO - [2026-07-09T18:57:07.399+0000] {dagbag.py:588} INFO - Filling up the DagBag from /opt/airflow/dags/load_public_holidays_dag.py
[2026-07-09T18:57:07.423+0000] {processor.py:925} INFO - DAG(s) 'load_public_holidays' retrieved from /opt/airflow/dags/load_public_holidays_dag.py
[2026-07-09T18:57:07.456+0000] {logging_mixin.py:190} INFO - [2026-07-09T18:57:07.456+0000] {dag.py:3239} INFO - Sync 1 DAGs
[2026-07-09T18:57:07.483+0000] {logging_mixin.py:190} INFO - [2026-07-09T18:57:07.483+0000] {dag.py:4180} INFO - Setting next_dagrun for load_public_holidays to 2026-07-01 02:00:00+00:00, run_after=2026-08-01 02:00:00+00:00
[2026-07-09T18:57:07.509+0000] {processor.py:208} INFO - Processing /opt/airflow/dags/load_public_holidays_dag.py took 0.125 seconds
[2026-07-09T18:57:37.637+0000] {processor.py:186} INFO - Started process (PID=169) to work on /opt/airflow/dags/load_public_holidays_dag.py
[2026-07-09T18:57:37.638+0000] {processor.py:914} INFO - Processing file /opt/airflow/dags/load_public_holidays_dag.py for tasks to queue
[2026-07-09T18:57:37.654+0000] {logging_mixin.py:190} INFO - [2026-07-09T18:57:37.654+0000] {dagbag.py:588} INFO - Filling up the DagBag from /opt/airflow/dags/load_public_holidays_dag.py
[2026-07-09T18:57:37.670+0000] {processor.py:925} INFO - DAG(s) 'load_public_holidays' retrieved from /opt/airflow/dags/load_public_holidays_dag.py
[2026-07-09T18:57:37.697+0000] {logging_mixin.py:190} INFO - [2026-07-09T18:57:37.697+0000] {dag.py:3239} INFO - Sync 1 DAGs
[2026-07-09T18:57:37.721+0000] {logging_mixin.py:190} INFO - [2026-07-09T18:57:37.721+0000] {dag.py:4180} INFO - Setting next_dagrun for load_public_holidays to 2026-07-01 02:00:00+00:00, run_after=2026-08-01 02:00:00+00:00
[2026-07-09T18:57:37.743+0000] {processor.py:208} INFO - Processing /opt/airflow/dags/load_public_holidays_dag.py took 0.112 seconds
[2026-07-09T18:58:08.081+0000] {processor.py:186} INFO - Started process (PID=171) to work on /opt/airflow/dags/load_public_holidays_dag.py
[2026-07-09T18:58:08.083+0000] {processor.py:914} INFO - Processing file /opt/airflow/dags/load_public_holidays_dag.py for tasks to queue
[2026-07-09T18:58:08.087+0000] {logging_mixin.py:190} INFO - [2026-07-09T18:58:08.087+0000] {dagbag.py:588} INFO - Filling up the DagBag from /opt/airflow/dags/load_public_holidays_dag.py
[2026-07-09T18:58:08.113+0000] {processor.py:925} INFO - DAG(s) 'load_public_holidays' retrieved from /opt/airflow/dags/load_public_holidays_dag.py
[2026-07-09T18:58:08.147+0000] {logging_mixin.py:190} INFO - [2026-07-09T18:58:08.147+0000] {dag.py:3239} INFO - Sync 1 DAGs
[2026-07-09T18:58:08.178+0000] {logging_mixin.py:190} INFO - [2026-07-09T18:58:08.178+0000] {dag.py:4180} INFO - Setting next_dagrun for load_public_holidays to 2026-07-01 02:00:00+00:00, run_after=2026-08-01 02:00:00+00:00
[2026-07-09T18:58:08.210+0000] {processor.py:208} INFO - Processing /opt/airflow/dags/load_public_holidays_dag.py took 0.138 seconds
[2026-07-09T18:58:38.372+0000] {processor.py:186} INFO - Started process (PID=173) to work on /opt/airflow/dags/load_public_holidays_dag.py
[2026-07-09T18:58:38.373+0000] {processor.py:914} INFO - Processing file /opt/airflow/dags/load_public_holidays_dag.py for tasks to queue
[2026-07-09T18:58:38.376+0000] {logging_mixin.py:190} INFO - [2026-07-09T18:58:38.376+0000] {dagbag.py:588} INFO - Filling up the DagBag from /opt/airflow/dags/load_public_holidays_dag.py
[2026-07-09T18:58:38.404+0000] {processor.py:925} INFO - DAG(s) 'load_public_holidays' retrieved from /opt/airflow/dags/load_public_holidays_dag.py
[2026-07-09T18:58:38.438+0000] {logging_mixin.py:190} INFO - [2026-07-09T18:58:38.438+0000] {dag.py:3239} INFO - Sync 1 DAGs
[2026-07-09T18:58:38.472+0000] {logging_mixin.py:190} INFO - [2026-07-09T18:58:38.472+0000] {dag.py:4180} INFO - Setting next_dagrun for load_public_holidays to 2026-07-01 02:00:00+00:00, run_after=2026-08-01 02:00:00+00:00
[2026-07-09T18:58:38.503+0000] {processor.py:208} INFO - Processing /opt/airflow/dags/load_public_holidays_dag.py took 0.137 seconds
[2026-07-09T18:59:08.692+0000] {processor.py:186} INFO - Started process (PID=175) to work on /opt/airflow/dags/load_public_holidays_dag.py
[2026-07-09T18:59:08.693+0000] {processor.py:914} INFO - Processing file /opt/airflow/dags/load_public_holidays_dag.py for tasks to queue
[2026-07-09T18:59:08.696+0000] {logging_mixin.py:190} INFO - [2026-07-09T18:59:08.696+0000] {dagbag.py:588} INFO - Filling up the DagBag from /opt/airflow/dags/load_public_holidays_dag.py
[2026-07-09T18:59:08.721+0000] {processor.py:925} INFO - DAG(s) 'load_public_holidays' retrieved from /opt/airflow/dags/load_public_holidays_dag.py
[2026-07-09T18:59:08.752+0000] {logging_mixin.py:190} INFO - [2026-07-09T18:59:08.751+0000] {dag.py:3239} INFO - Sync 1 DAGs
[2026-07-09T18:59:08.779+0000] {logging_mixin.py:190} INFO - [2026-07-09T18:59:08.779+0000] {dag.py:4180} INFO - Setting next_dagrun for load_public_holidays to 2026-07-01 02:00:00+00:00, run_after=2026-08-01 02:00:00+00:00
[2026-07-09T18:59:08.807+0000] {processor.py:208} INFO - Processing /opt/airflow/dags/load_public_holidays_dag.py took 0.124 seconds
[2026-07-09T18:59:38.961+0000] {processor.py:186} INFO - Started process (PID=177) to work on /opt/airflow/dags/load_public_holidays_dag.py
[2026-07-09T18:59:38.963+0000] {processor.py:914} INFO - Processing file /opt/airflow/dags/load_public_holidays_dag.py for tasks to queue
[2026-07-09T18:59:38.966+0000] {logging_mixin.py:190} INFO - [2026-07-09T18:59:38.966+0000] {dagbag.py:588} INFO - Filling up the DagBag from /opt/airflow/dags/load_public_holidays_dag.py
[2026-07-09T18:59:38.991+0000] {processor.py:925} INFO - DAG(s) 'load_public_holidays' retrieved from /opt/airflow/dags/load_public_holidays_dag.py
[2026-07-09T18:59:39.030+0000] {logging_mixin.py:190} INFO - [2026-07-09T18:59:39.029+0000] {dag.py:3239} INFO - Sync 1 DAGs
[2026-07-09T18:59:39.062+0000] {logging_mixin.py:190} INFO - [2026-07-09T18:59:39.061+0000] {dag.py:4180} INFO - Setting next_dagrun for load_public_holidays to 2026-07-01 02:00:00+00:00, run_after=2026-08-01 02:00:00+00:00
[2026-07-09T18:59:39.091+0000] {processor.py:208} INFO - Processing /opt/airflow/dags/load_public_holidays_dag.py took 0.136 seconds
[2026-07-09T19:00:09.339+0000] {processor.py:186} INFO - Started process (PID=179) to work on /opt/airflow/dags/load_public_holidays_dag.py
[2026-07-09T19:00:09.340+0000] {processor.py:914} INFO - Processing file /opt/airflow/dags/load_public_holidays_dag.py for tasks to queue
[2026-07-09T19:00:09.345+0000] {logging_mixin.py:190} INFO - [2026-07-09T19:00:09.345+0000] {dagbag.py:588} INFO - Filling up the DagBag from /opt/airflow/dags/load_public_holidays_dag.py
[2026-07-09T19:00:09.366+0000] {processor.py:925} INFO - DAG(s) 'load_public_holidays' retrieved from /opt/airflow/dags/load_public_holidays_dag.py
[2026-07-09T19:00:09.397+0000] {logging_mixin.py:190} INFO - [2026-07-09T19:00:09.397+0000] {dag.py:3239} INFO - Sync 1 DAGs
[2026-07-09T19:00:09.420+0000] {logging_mixin.py:190} INFO - [2026-07-09T19:00:09.420+0000] {dag.py:4180} INFO - Setting next_dagrun for load_public_holidays to 2026-07-01 02:00:00+00:00, run_after=2026-08-01 02:00:00+00:00
[2026-07-09T19:00:09.442+0000] {processor.py:208} INFO - Processing /opt/airflow/dags/load_public_holidays_dag.py took 0.111 seconds
[2026-07-09T19:00:39.590+0000] {processor.py:186} INFO - Started process (PID=181) to work on /opt/airflow/dags/load_public_holidays_dag.py
[2026-07-09T19:00:39.592+0000] {processor.py:914} INFO - Processing file /opt/airflow/dags/load_public_holidays_dag.py for tasks to queue
[2026-07-09T19:00:39.596+0000] {logging_mixin.py:190} INFO - [2026-07-09T19:00:39.595+0000] {dagbag.py:588} INFO - Filling up the DagBag from /opt/airflow/dags/load_public_holidays_dag.py
[2026-07-09T19:00:39.625+0000] {processor.py:925} INFO - DAG(s) 'load_public_holidays' retrieved from /opt/airflow/dags/load_public_holidays_dag.py
[2026-07-09T19:00:39.660+0000] {logging_mixin.py:190} INFO - [2026-07-09T19:00:39.660+0000] {dag.py:3239} INFO - Sync 1 DAGs
[2026-07-09T19:00:39.694+0000] {logging_mixin.py:190} INFO - [2026-07-09T19:00:39.694+0000] {dag.py:4180} INFO - Setting next_dagrun for load_public_holidays to 2026-07-01 02:00:00+00:00, run_after=2026-08-01 02:00:00+00:00
[2026-07-09T19:00:39.719+0000] {processor.py:208} INFO - Processing /opt/airflow/dags/load_public_holidays_dag.py took 0.136 seconds
[2026-07-09T19:01:09.930+0000] {processor.py:186} INFO - Started process (PID=183) to work on /opt/airflow/dags/load_public_holidays_dag.py
[2026-07-09T19:01:09.932+0000] {processor.py:914} INFO - Processing file /opt/airflow/dags/load_public_holidays_dag.py for tasks to queue
[2026-07-09T19:01:09.937+0000] {logging_mixin.py:190} INFO - [2026-07-09T19:01:09.937+0000] {dagbag.py:588} INFO - Filling up the DagBag from /opt/airflow/dags/load_public_holidays_dag.py
[2026-07-09T19:01:09.965+0000] {processor.py:925} INFO - DAG(s) 'load_public_holidays' retrieved from /opt/airflow/dags/load_public_holidays_dag.py
[2026-07-09T19:01:09.999+0000] {logging_mixin.py:190} INFO - [2026-07-09T19:01:09.998+0000] {dag.py:3239} INFO - Sync 1 DAGs
[2026-07-09T19:01:10.027+0000] {logging_mixin.py:190} INFO - [2026-07-09T19:01:10.027+0000] {dag.py:4180} INFO - Setting next_dagrun for load_public_holidays to 2026-07-01 02:00:00+00:00, run_after=2026-08-01 02:00:00+00:00
[2026-07-09T19:01:10.055+0000] {processor.py:208} INFO - Processing /opt/airflow/dags/load_public_holidays_dag.py took 0.134 seconds
[2026-07-09T19:01:40.238+0000] {processor.py:186} INFO - Started process (PID=185) to work on /opt/airflow/dags/load_public_holidays_dag.py
[2026-07-09T19:01:40.240+0000] {processor.py:914} INFO - Processing file /opt/airflow/dags/load_public_holidays_dag.py for tasks to queue
[2026-07-09T19:01:40.244+0000] {logging_mixin.py:190} INFO - [2026-07-09T19:01:40.243+0000] {dagbag.py:588} INFO - Filling up the DagBag from /opt/airflow/dags/load_public_holidays_dag.py
[2026-07-09T19:01:40.272+0000] {processor.py:925} INFO - DAG(s) 'load_public_holidays' retrieved from /opt/airflow/dags/load_public_holidays_dag.py
[2026-07-09T19:01:40.311+0000] {logging_mixin.py:190} INFO - [2026-07-09T19:01:40.311+0000] {dag.py:3239} INFO - Sync 1 DAGs
[2026-07-09T19:01:40.342+0000] {logging_mixin.py:190} INFO - [2026-07-09T19:01:40.341+0000] {dag.py:4180} INFO - Setting next_dagrun for load_public_holidays to 2026-07-01 02:00:00+00:00, run_after=2026-08-01 02:00:00+00:00
[2026-07-09T19:01:40.372+0000] {processor.py:208} INFO - Processing /opt/airflow/dags/load_public_holidays_dag.py took 0.141 seconds
